STUDENT student_RNQK NOW AT RANKING 8
STUDENT student_USD NOW AT RANKING 2
STUDENT student_MK NOW AT RANKING 6
STUDENT student_MNECASL NOW AT RANKING 10
STUDENT student_EZYC NOW AT RANKING 7
STUDENT student_MNECASL NOW AT RANKING 10
STUDENT student_MK NOW AT RANKING 6
STUDENT student_USD NOW AT RANKING 2
[Error]Query failed.
STUDENT student_RNQK NOW AT RANKING 8
STUDENT student_EZYC NOW AT RANKING 7
STUDENT student_RNQK NOW AT RANKING 8
STUDENT student_RNQK NOW AT RANKING 8
STUDENT student_MK NOW AT RANKING 6
STUDENT student_MK NOW AT RANKING 6
STUDENT student_USD NOW AT RANKING 2
STUDENT student_RNQK NOW AT RANKING 8
STUDENT student_MNECASL NOW AT RANKING 10
STUDENT student_RNQK NOW AT RANKING 8
STUDENT student_FOXZP NOW AT RANKING 4
STUDENT student_MNECASL NOW AT RANKING 10
[Error]Query failed.
STUDENT student_GMFFN NOW AT RANKING 9
[Error]Update failed.
[Error]Query failed.
STUDENT student_USD NOW AT RANKING 2
STUDENT student_FSMKW NOW AT RANKING 1
STUDENT student_USD NOW AT RANKING 3
STUDENT student_MK NOW AT RANKING 5
STUDENT student_MK NOW AT RANKING 5
[Error]Update failed.
STUDENT student_MK NOW AT RANKING 5
STUDENT student_EZYC NOW AT RANKING 8
[Error]Update failed.
STUDENT student_EZYC NOW AT RANKING 8
[Error]Query failed.
STUDENT student_RNQK NOW AT RANKING 7
STUDENT student_FSMKW NOW AT RANKING 4
[Error]Update failed.
[Error]Update failed.
STUDENT student_QV NOW AT RANKING 1
STUDENT student_LP NOW AT RANKING 2
STUDENT student_EZYC NOW AT RANKING 8
[Error]Update failed.
STUDENT student_MK NOW AT RANKING 5
STUDENT student_MK NOW AT RANKING 5
STUDENT student_FOXZP NOW AT RANKING 6
1 student_FOXZP female 2 65
2 student_LP male 8 63
3 student_MK female 19 55
4 student_FSMKW male 14 54
5 student_QV female 15 54
6 student_USD female 5 48
7 student_RNQK female 11 45
8 student_MNECASL female 5 43
9 student_EZYC female 7 42
10 student_GMFFN female 14 32
