[Error]Update failed.
STUDENT student_MK NOW AT RANKING 6
[Error]Cannot add student now.
STUDENT student_USD NOW AT RANKING 2
STUDENT student_ZBE NOW AT RANKING 10
STUDENT student_EZYC NOW AT RANKING 7
STUDENT student_MK NOW AT RANKING 6
STUDENT student_LP NOW AT RANKING 5
STUDENT student_EZYC NOW AT RANKING 7
STUDENT student_RNQK NOW AT RANKING 8
STUDENT student_MNECASL NOW AT RANKING 12
STUDENT student_LP NOW AT RANKING 5
STUDENT student_QV NOW AT RANKING 3
STUDENT student_EZYC NOW AT RANKING 7
STUDENT student_EGKU NOW AT RANKING 9
STUDENT student_USD NOW AT RANKING 2
[Error]Query failed.
STUDENT student_GMFFN NOW AT RANKING 11
[Error]Update failed.
[Error]Query failed.
STUDENT student_USD NOW AT RANKING 2
STUDENT student_FOXZP NOW AT RANKING 4
STUDENT student_MNECASL NOW AT RANKING 12
STUDENT student_ZBE NOW AT RANKING 10
STUDENT student_EZYC NOW AT RANKING 5
[Error]Update failed.
STUDENT student_ZBE NOW AT RANKING 10
STUDENT student_GMFFN NOW AT RANKING 11
[Error]Update failed.
STUDENT student_RNQK NOW AT RANKING 8
[Error]Query failed.
STUDENT student_ZBE NOW AT RANKING 10
STUDENT student_USD NOW AT RANKING 1
[Error]Update failed.
[Error]Update failed.
STUDENT student_USD NOW AT RANKING 1
STUDENT student_GMFFN NOW AT RANKING 11
STUDENT student_MK NOW AT RANKING 7
[Error]Update failed.
STUDENT student_EZYC NOW AT RANKING 5
STUDENT student_EZYC NOW AT RANKING 5
STUDENT student_FSMKW NOW AT RANKING 2
STUDENT student_FOXZP NOW AT RANKING 6
STUDENT student_QV NOW AT RANKING 3
STUDENT student_EGKU NOW AT RANKING 9
STUDENT student_RNQK NOW AT RANKING 8
[Error]Cannot add student now.
[Error]Query failed.
1 student_FSMKW male 14 70
2 student_USD female 5 68
3 student_LP male 8 66
4 student_QV female 15 60
5 student_MK female 19 54
6 student_EZYC female 7 52
7 student_FOXZP female 2 51
8 student_ZBE female 11 50
9 student_RNQK female 11 45
10 student_EGKU male 6 42
11 student_MNECASL female 5 37
12 student_GMFFN female 14 35
