STUDENT student_FSMKW NOW AT RANKING 1
STUDENT student_EGKU NOW AT RANKING 12
STUDENT student_ATUKUK NOW AT RANKING 6
[Error]Update failed.
STUDENT student_MK NOW AT RANKING 8
STUDENT student_BRKEM NOW AT RANKING 14
[Error]Update failed.
STUDENT student_SIIU NOW AT RANKING 9
STUDENT student_GMFFN NOW AT RANKING 16
[Error]Update failed.
STUDENT student_GMFFN NOW AT RANKING 16
[Error]Query failed.
STUDENT student_MK NOW AT RANKING 8
STUDENT student_USD NOW AT RANKING 2
[Error]Update failed.
[Error]Update failed.
STUDENT student_ATUKUK NOW AT RANKING 6
STUDENT student_RNQK NOW AT RANKING 11
STUDENT student_MK NOW AT RANKING 8
[Error]Update failed.
STUDENT student_LP NOW AT RANKING 7
STUDENT student_BRKEM NOW AT RANKING 14
STUDENT student_ATUKUK NOW AT RANKING 6
STUDENT student_FOXZP NOW AT RANKING 4
STUDENT student_QV NOW AT RANKING 3
STUDENT student_EGKU NOW AT RANKING 12
STUDENT student_RNQK NOW AT RANKING 11
[Error]Cannot add student now.
[Error]Query failed.
STUDENT student_FSMKW NOW AT RANKING 1
[Error]Query failed.
[Error]Query failed.
[Error]Update failed.
STUDENT student_ATUKUK NOW AT RANKING 6
STUDENT student_EGKU NOW AT RANKING 12
STUDENT student_ZBE NOW AT RANKING 13
[Error]Update failed.
STUDENT student_QV NOW AT RANKING 3
STUDENT student_IVQ NOW AT RANKING 15
[Error]Cannot add student now.
STUDENT student_TLRLPY NOW AT RANKING 5
STUDENT student_BRKEM NOW AT RANKING 14
STUDENT student_USD NOW AT RANKING 2
STUDENT student_FOXZP NOW AT RANKING 4
STUDENT student_ZBE NOW AT RANKING 13
STUDENT student_EZYC NOW AT RANKING 10
STUDENT student_SIIU NOW AT RANKING 9
STUDENT student_FSMKW NOW AT RANKING 1
STUDENT student_MK NOW AT RANKING 8
STUDENT student_FOXZP NOW AT RANKING 4
STUDENT student_SIIU NOW AT RANKING 9
[Error]Cannot add student now.
STUDENT student_MK NOW AT RANKING 8
STUDENT student_MK NOW AT RANKING 8
1 student_EZYC female 7 61
2 student_FSMKW male 14 60
3 student_MK female 19 57
4 student_EGKU male 6 56
5 student_FOXZP female 2 55
6 student_SIIU female 3 52
7 student_USD female 5 51
8 student_TLRLPY female 11 49
9 student_QV female 15 49
10 student_RNQK female 11 48
11 student_LP male 8 47
12 student_ATUKUK male 17 45
13 student_MF male 7 45
14 student_ZBE female 11 44
15 student_MNECASL female 5 44
16 student_IVQ female 15 43
17 student_BRKEM male 8 41
18 student_GMFFN female 14 39
