STUDENT student_MNECASL NOW AT RANKING 22
STUDENT student_MNECASL NOW AT RANKING 22
STUDENT student_MF NOW AT RANKING 24
STUDENT student_SIIU NOW AT RANKING 12
STUDENT student_LP NOW AT RANKING 10
STUDENT student_IVFCTA NOW AT RANKING 23
STUDENT student_MK NOW AT RANKING 11
[Error]Update failed.
[Error]Update failed.
STUDENT student_IVFCTA NOW AT RANKING 23
STUDENT student_USD NOW AT RANKING 10
STUDENT student_MNECASL NOW AT RANKING 22
STUDENT student_SIIU NOW AT RANKING 13
STUDENT student_SIIU NOW AT RANKING 13
STUDENT student_IVQ NOW AT RANKING 19
[Error]Query failed.
STUDENT student_TLRLPY NOW AT RANKING 6
STUDENT student_OFJLP NOW AT RANKING 1
STUDENT student_FOXZP NOW AT RANKING 12
STUDENT student_QV NOW AT RANKING 5
STUDENT student_NVSN NOW AT RANKING 3
STUDENT student_SPOKPZE NOW AT RANKING 15
[Error]Cannot add student now.
[Error]Query failed.
STUDENT student_USD NOW AT RANKING 10
[Error]Query failed.
[Error]Query failed.
[Error]Update failed.
STUDENT student_FSMKW NOW AT RANKING 2
STUDENT student_NVSN NOW AT RANKING 3
STUDENT student_SIIU NOW AT RANKING 13
[Error]Update failed.
STUDENT student_TLRLPY NOW AT RANKING 6
STUDENT student_IVQ NOW AT RANKING 19
[Error]Cannot add student now.
STUDENT student_NVSN NOW AT RANKING 3
STUDENT student_BRKEM NOW AT RANKING 18
STUDENT student_ATUKUK NOW AT RANKING 7
STUDENT student_MNECASL NOW AT RANKING 22
STUDENT student_MK NOW AT RANKING 9
STUDENT student_LP NOW AT RANKING 8
STUDENT student_ZBE NOW AT RANKING 17
STUDENT student_OFJLP NOW AT RANKING 1
STUDENT student_SIIU NOW AT RANKING 13
STUDENT student_MNECASL NOW AT RANKING 22
STUDENT student_ZBE NOW AT RANKING 17
[Error]Cannot add student now.
STUDENT student_RZ NOW AT RANKING 4
STUDENT student_MK NOW AT RANKING 9
[Error]Cannot add student now.
STUDENT student_RNQK NOW AT RANKING 14
STUDENT student_SIIU NOW AT RANKING 13
STUDENT student_SPOKPZE NOW AT RANKING 15
STUDENT student_BRKEM NOW AT RANKING 18
[Error]Update failed.
STUDENT student_MF NOW AT RANKING 24
STUDENT student_MF NOW AT RANKING 24
STUDENT student_TLRLPY NOW AT RANKING 6
[Error]Cannot add student now.
STUDENT student_MK NOW AT RANKING 9
STUDENT student_BRKEM NOW AT RANKING 18
STUDENT student_RNQK NOW AT RANKING 14
STUDENT student_NVSN NOW AT RANKING 3
STUDENT student_SIIU NOW AT RANKING 13
STUDENT student_BRKEM NOW AT RANKING 18
[Error]Query failed.
[Error]Update failed.
STUDENT student_IVQ NOW AT RANKING 19
STUDENT student_LP NOW AT RANKING 8
STUDENT student_BRKEM NOW AT RANKING 18
[Error]Query failed.
STUDENT student_MK NOW AT RANKING 9
STUDENT student_SIIU NOW AT RANKING 13
STUDENT student_IVQ NOW AT RANKING 19
STUDENT student_NVSN NOW AT RANKING 3
[Error]Query failed.
STUDENT student_MF NOW AT RANKING 24
STUDENT student_LP NOW AT RANKING 8
STUDENT student_SIIU NOW AT RANKING 13
[Error]Update failed.
[Error]Query failed.
[Error]Query failed.
[Error]Query failed.
[Error]Query failed.
STUDENT student_EGKU NOW AT RANKING 16
STUDENT student_EGKU NOW AT RANKING 16
STUDENT student_QV NOW AT RANKING 5
STUDENT student_MNECASL NOW AT RANKING 22
STUDENT student_FSMKW NOW AT RANKING 2
[Error]Update failed.
STUDENT student_PVDB NOW AT RANKING 20
STUDENT student_FOXZP NOW AT RANKING 12
STUDENT student_OFJLP NOW AT RANKING 1
STUDENT student_ATUKUK NOW AT RANKING 7
STUDENT student_ATUKUK NOW AT RANKING 7
STUDENT student_BRKEM NOW AT RANKING 18
STUDENT student_PVDB NOW AT RANKING 20
STUDENT student_MNECASL NOW AT RANKING 22
STUDENT student_SIIU NOW AT RANKING 13
STUDENT student_IVFCTA NOW AT RANKING 23
STUDENT student_GMFFN NOW AT RANKING 21
STUDENT student_ATUKUK NOW AT RANKING 7
STUDENT student_MNECASL NOW AT RANKING 22
[Error]Cannot add student now.
STUDENT student_MF NOW AT RANKING 24
[Error]Query failed.
[Error]Update failed.
STUDENT student_ZBE NOW AT RANKING 17
STUDENT student_FOXZP NOW AT RANKING 12
[Error]Update failed.
STUDENT student_LP NOW AT RANKING 8
STUDENT student_FSMKW NOW AT RANKING 2
[Error]Cannot add student now.
STUDENT student_IVQ NOW AT RANKING 19
STUDENT student_SIIU NOW AT RANKING 13
STUDENT student_FOXZP NOW AT RANKING 12
STUDENT student_FSMKW NOW AT RANKING 2
STUDENT student_IVQ NOW AT RANKING 19
STUDENT student_RNQK NOW AT RANKING 14
[Error]Cannot add student now.
[Error]Cannot add student now.
STUDENT student_QV NOW AT RANKING 5
STUDENT student_NVSN NOW AT RANKING 3
STUDENT student_MK NOW AT RANKING 9
STUDENT student_IVQ NOW AT RANKING 19
STUDENT student_IVFCTA NOW AT RANKING 23
[Error]Query failed.
STUDENT student_QV NOW AT RANKING 5
STUDENT student_IVQ NOW AT RANKING 19
STUDENT student_LP NOW AT RANKING 8
STUDENT student_MF NOW AT RANKING 24
STUDENT student_FSMKW NOW AT RANKING 2
STUDENT student_MNECASL NOW AT RANKING 22
STUDENT student_USD NOW AT RANKING 10
STUDENT student_RZ NOW AT RANKING 4
STUDENT student_IVQ NOW AT RANKING 19
[Error]Update failed.
STUDENT student_FSMKW NOW AT RANKING 2
[Error]Update failed.
STUDENT student_ATUKUK NOW AT RANKING 7
STUDENT student_BRKEM NOW AT RANKING 18
1 student_NVSN male 16 80
2 student_LP male 8 65
3 student_OFJLP female 6 65
4 student_ATUKUK male 17 59
5 student_FSMKW male 14 59
6 student_MNECASL female 5 59
7 student_TLRLPY female 11 58
8 student_ZBE female 11 56
9 student_MK female 19 53
10 student_SIIU female 3 52
11 student_RZ female 1 51
12 student_PVDB female 9 51
13 student_QV female 15 50
14 student_EGKU male 6 50
15 student_USD female 5 47
16 student_IVQ female 15 47
17 student_IVFCTA female 3 45
18 student_SPOKPZE female 5 45
19 student_FOXZP female 2 43
20 student_BRKEM male 8 41
21 student_RNQK female 11 39
22 student_GMFFN female 14 37
23 student_MF male 7 36
24 student_EZYC female 7 34
