STUDENT student_QV NOW AT RANKING 7
[Error]Cannot add student now.
STUDENT student_XVAQ NOW AT RANKING 11
STUDENT student_NVSN NOW AT RANKING 3
[Error]Update failed.
[Error]Update failed.
STUDENT student_IVFCTA NOW AT RANKING 34
STUDENT student_IVFCTA NOW AT RANKING 34
STUDENT student_FTRN NOW AT RANKING 22
STUDENT student_IVFCTA NOW AT RANKING 34
STUDENT student_CCMREF NOW AT RANKING 5
STUDENT student_MKBUW NOW AT RANKING 17
STUDENT student_ABZGQE NOW AT RANKING 36
STUDENT student_FSMKW NOW AT RANKING 2
STUDENT student_MK NOW AT RANKING 15
STUDENT student_IVFCTA NOW AT RANKING 34
STUDENT student_ABZGQE NOW AT RANKING 36
[Error]Cannot add student now.
STUDENT student_RZ NOW AT RANKING 4
STUDENT student_MK NOW AT RANKING 15
[Error]Cannot add student now.
STUDENT student_SPOKPZE NOW AT RANKING 26
STUDENT student_MK NOW AT RANKING 15
STUDENT student_YHKVZ NOW AT RANKING 19
STUDENT student_MKBUW NOW AT RANKING 17
[Error]Update failed.
STUDENT student_FTRN NOW AT RANKING 22
STUDENT student_FTRN NOW AT RANKING 22
STUDENT student_QV NOW AT RANKING 7
[Error]Cannot add student now.
STUDENT student_MK NOW AT RANKING 15
STUDENT student_BRKEM NOW AT RANKING 27
STUDENT student_RNQK NOW AT RANKING 21
STUDENT student_EGKU NOW AT RANKING 24
STUDENT student_CCMREF NOW AT RANKING 5
STUDENT student_BRKEM NOW AT RANKING 27
[Error]Query failed.
[Error]Update failed.
STUDENT student_GMFFN NOW AT RANKING 31
STUDENT student_BRKEM NOW AT RANKING 27
STUDENT student_MKBUW NOW AT RANKING 17
[Error]Query failed.
STUDENT student_CCMREF NOW AT RANKING 5
STUDENT student_MK NOW AT RANKING 15
STUDENT student_YDQLRW NOW AT RANKING 23
STUDENT student_NVSN NOW AT RANKING 3
[Error]Query failed.
STUDENT student_FOXZP NOW AT RANKING 9
STUDENT student_MKBUW NOW AT RANKING 17
STUDENT student_MK NOW AT RANKING 15
[Error]Update failed.
[Error]Query failed.
[Error]Query failed.
[Error]Query failed.
[Error]Query failed.
STUDENT student_KUQLGVC NOW AT RANKING 8
STUDENT student_KUQLGVC NOW AT RANKING 8
STUDENT student_QV NOW AT RANKING 7
STUDENT student_AVRL NOW AT RANKING 10
STUDENT student_FSMKW NOW AT RANKING 2
[Error]Update failed.
STUDENT student_PVDB NOW AT RANKING 29
STUDENT student_MF NOW AT RANKING 35
STUDENT student_FSMKW NOW AT RANKING 2
STUDENT student_HYE NOW AT RANKING 30
STUDENT student_ATUKUK NOW AT RANKING 13
STUDENT student_LP NOW AT RANKING 14
STUDENT student_PVDB NOW AT RANKING 29
STUDENT student_AVRL NOW AT RANKING 10
STUDENT student_SIIU NOW AT RANKING 18
STUDENT student_IVFCTA NOW AT RANKING 34
STUDENT student_GMFFN NOW AT RANKING 31
STUDENT student_ATUKUK NOW AT RANKING 13
STUDENT student_AVRL NOW AT RANKING 10
[Error]Cannot add student now.
STUDENT student_FTRN NOW AT RANKING 22
[Error]Query failed.
[Error]Update failed.
STUDENT student_RZ NOW AT RANKING 4
STUDENT student_FOXZP NOW AT RANKING 9
[Error]Update failed.
STUDENT student_LP NOW AT RANKING 14
STUDENT student_FSMKW NOW AT RANKING 2
[Error]Cannot add student now.
STUDENT student_IVQ NOW AT RANKING 28
STUDENT student_SIIU NOW AT RANKING 18
STUDENT student_FTRN NOW AT RANKING 22
STUDENT student_FSMKW NOW AT RANKING 2
STUDENT student_IVQ NOW AT RANKING 28
STUDENT student_YHKVZ NOW AT RANKING 19
[Error]Cannot add student now.
[Error]Cannot add student now.
STUDENT student_XVAQ NOW AT RANKING 11
STUDENT student_KUQLGVC NOW AT RANKING 8
STUDENT student_CCMREF NOW AT RANKING 5
STUDENT student_YDQLRW NOW AT RANKING 23
STUDENT student_IVFCTA NOW AT RANKING 34
[Error]Query failed.
STUDENT student_TLRLPY NOW AT RANKING 12
STUDENT student_IVQ NOW AT RANKING 28
STUDENT student_MKBUW NOW AT RANKING 17
STUDENT student_MF NOW AT RANKING 35
STUDENT student_OFJLP NOW AT RANKING 1
STUDENT student_MNECASL NOW AT RANKING 33
STUDENT student_HYE NOW AT RANKING 30
STUDENT student_RZ NOW AT RANKING 4
STUDENT student_GMFFN NOW AT RANKING 31
[Error]Update failed.
STUDENT student_OFJLP NOW AT RANKING 1
[Error]Update failed.
STUDENT student_HYE NOW AT RANKING 30
STUDENT student_MKBUW NOW AT RANKING 17
STUDENT student_FSMKW NOW AT RANKING 2
[Error]Update failed.
STUDENT student_AVRL NOW AT RANKING 10
STUDENT student_RZ NOW AT RANKING 4
STUDENT student_SIIU NOW AT RANKING 18
STUDENT student_YDQLRW NOW AT RANKING 23
[Error]Query failed.
[Error]Cannot add student now.
STUDENT student_IVQ NOW AT RANKING 28
[Error]Update failed.
STUDENT student_MKBUW NOW AT RANKING 17
STUDENT student_MKBUW NOW AT RANKING 17
STUDENT student_MK NOW AT RANKING 15
STUDENT student_SPOKPZE NOW AT RANKING 26
STUDENT student_QV NOW AT RANKING 7
STUDENT student_ZBE NOW AT RANKING 25
STUDENT student_SPOKPZE NOW AT RANKING 26
STUDENT student_IVFCTA NOW AT RANKING 34
[Error]Update failed.
STUDENT student_KUQLGVC NOW AT RANKING 8
STUDENT student_AVRL NOW AT RANKING 10
STUDENT student_RZ NOW AT RANKING 4
STUDENT student_HYE NOW AT RANKING 30
STUDENT student_NVSN NOW AT RANKING 3
[Error]Query failed.
STUDENT student_CCMREF NOW AT RANKING 5
STUDENT student_MNECASL NOW AT RANKING 33
STUDENT student_IVQ NOW AT RANKING 28
STUDENT student_KUQLGVC NOW AT RANKING 8
STUDENT student_MF NOW AT RANKING 35
STUDENT student_DOCDGAO NOW AT RANKING 32
STUDENT student_IVQ NOW AT RANKING 14
STUDENT student_CCMREF NOW AT RANKING 25
STUDENT student_OFJLP NOW AT RANKING 1
STUDENT student_ATUKUK NOW AT RANKING 33
[Error]Update failed.
[Error]Update failed.
STUDENT student_KUQLGVC NOW AT RANKING 7
STUDENT student_GMFFN NOW AT RANKING 29
STUDENT student_MF NOW AT RANKING 35
STUDENT student_CULLEVC NOW AT RANKING 17
STUDENT student_ZBE NOW AT RANKING 23
STUDENT student_FSMKW NOW AT RANKING 3
[Error]Query failed.
STUDENT student_RNQK NOW AT RANKING 21
STUDENT student_PVDB NOW AT RANKING 30
STUDENT student_MKBUW NOW AT RANKING 6
STUDENT student_YDQLRW NOW AT RANKING 28
STUDENT student_ATUKUK NOW AT RANKING 33
STUDENT student_GMFFN NOW AT RANKING 29
STUDENT student_ZBE NOW AT RANKING 23
STUDENT student_IVFCTA NOW AT RANKING 34
[Error]Update failed.
[Error]Query failed.
[Error]Update failed.
[Error]Query failed.
STUDENT student_QV NOW AT RANKING 8
STUDENT student_SPOKPZE NOW AT RANKING 31
STUDENT student_ATUKUK NOW AT RANKING 33
STUDENT student_NVSN NOW AT RANKING 2
STUDENT student_CCMREF NOW AT RANKING 25
STUDENT student_QV NOW AT RANKING 8
[Error]Query failed.
STUDENT student_CULLEVC NOW AT RANKING 17
STUDENT student_QV NOW AT RANKING 8
[Error]Update failed.
STUDENT student_NVSN NOW AT RANKING 2
STUDENT student_FOXZP NOW AT RANKING 12
STUDENT student_MNECASL NOW AT RANKING 15
STUDENT student_SPOKPZE NOW AT RANKING 31
STUDENT student_XVAQ NOW AT RANKING 9
STUDENT student_XVAQ NOW AT RANKING 9
STUDENT student_HYE NOW AT RANKING 10
STUDENT student_FOXZP NOW AT RANKING 12
STUDENT student_ATUKUK NOW AT RANKING 33
[Error]Cannot add student now.
STUDENT student_YDQLRW NOW AT RANKING 28
[Error]Cannot add student now.
STUDENT student_ATUKUK NOW AT RANKING 33
STUDENT student_RNQK NOW AT RANKING 21
[Error]Query failed.
STUDENT student_KUQLGVC NOW AT RANKING 7
STUDENT student_OFJLP NOW AT RANKING 1
STUDENT student_GMFFN NOW AT RANKING 29
STUDENT student_ATUKUK NOW AT RANKING 33
[Error]Update failed.
STUDENT student_IVFCTA NOW AT RANKING 34
STUDENT student_MKBUW NOW AT RANKING 6
[Error]Cannot add student now.
STUDENT student_AVRL NOW AT RANKING 11
STUDENT student_ATUKUK NOW AT RANKING 33
[Error]Update failed.
STUDENT student_MF NOW AT RANKING 35
STUDENT student_OFJLP NOW AT RANKING 1
[Error]Update failed.
STUDENT student_DOCDGAO NOW AT RANKING 22
[Error]Update failed.
STUDENT student_EZYC NOW AT RANKING 24
STUDENT student_PVDB NOW AT RANKING 30
STUDENT student_MKBUW NOW AT RANKING 6
[Error]Query failed.
STUDENT student_ATUKUK NOW AT RANKING 33
[Error]Cannot add student now.
STUDENT student_MF NOW AT RANKING 35
[Error]Cannot add student now.
[Error]Update failed.
[Error]Update failed.
[Error]Update failed.
STUDENT student_FTRN NOW AT RANKING 13
STUDENT student_MF NOW AT RANKING 35
STUDENT student_FSMKW NOW AT RANKING 3
STUDENT student_LP NOW AT RANKING 16
STUDENT student_BRKEM NOW AT RANKING 32
STUDENT student_ZBE NOW AT RANKING 23
[Error]Update failed.
[Error]Query failed.
STUDENT student_PVDB NOW AT RANKING 30
STUDENT student_ZBE NOW AT RANKING 23
STUDENT student_YHKVZ NOW AT RANKING 18
[Error]Query failed.
STUDENT student_NVSN NOW AT RANKING 2
[Error]Cannot add student now.
1 student_OFJLP female 6 78
2 student_FSMKW male 14 71
3 student_MKBUW male 10 67
4 student_PVDB female 9 61
5 student_NVSN male 16 60
6 student_MK female 19 58
7 student_KUQLGVC female 19 57
8 student_AVRL female 11 56
9 student_FTRN female 9 55
10 student_XVAQ female 17 55
11 student_CULLEVC male 14 54
12 student_LP male 8 53
13 student_FOXZP female 2 53
14 student_RNQK female 11 51
15 student_RZ female 1 50
16 student_DOCDGAO female 11 49
17 student_QV female 15 49
18 student_SPOKPZE female 5 46
19 student_BRKEM male 8 45
20 student_IVQ female 15 44
21 student_HYE female 5 44
22 student_CCMREF female 11 44
23 student_YHKVZ female 20 43
24 student_TLRLPY female 11 43
25 student_GMFFN female 14 42
26 student_EGKU male 6 42
27 student_ABZGQE male 9 41
28 student_YDQLRW female 5 41
29 student_ZBE female 11 41
30 student_SIIU female 3 40
31 student_MF male 7 39
32 student_ATUKUK male 17 36
33 student_MNECASL female 5 35
34 student_IVFCTA female 3 33
35 student_EZYC female 7 30
36 student_USD female 5 30
