STUDENT student_PVDB NOW AT RANKING 62
STUDENT student_AVRL NOW AT RANKING 22
STUDENT student_SIIU NOW AT RANKING 39
STUDENT student_IVFCTA NOW AT RANKING 70
STUDENT student_GMFFN NOW AT RANKING 66
STUDENT student_ATUKUK NOW AT RANKING 28
STUDENT student_AVRL NOW AT RANKING 22
[Error]Cannot add student now.
STUDENT student_NL NOW AT RANKING 68
[Error]Query failed.
[Error]Update failed.
STUDENT student_VU NOW AT RANKING 20
STUDENT student_FOXZP NOW AT RANKING 19
[Error]Update failed.
STUDENT student_LP NOW AT RANKING 32
STUDENT student_FSMKW NOW AT RANKING 6
[Error]Cannot add student now.
STUDENT student_IVQ NOW AT RANKING 61
STUDENT student_SIIU NOW AT RANKING 39
STUDENT student_FTRN NOW AT RANKING 47
STUDENT student_FSMKW NOW AT RANKING 6
STUDENT student_IVQ NOW AT RANKING 61
STUDENT student_YHKVZ NOW AT RANKING 40
[Error]Cannot add student now.
[Error]Cannot add student now.
STUDENT student_XVAQ NOW AT RANKING 24
STUDENT student_XLNJ NOW AT RANKING 17
STUDENT student_CCMREF NOW AT RANKING 9
STUDENT student_FQIONNH NOW AT RANKING 15
STUDENT student_IVFCTA NOW AT RANKING 70
[Error]Query failed.
STUDENT student_BQN NOW AT RANKING 25
STUDENT student_IVQ NOW AT RANKING 61
STUDENT student_MKBUW NOW AT RANKING 35
STUDENT student_MF NOW AT RANKING 71
STUDENT student_OP NOW AT RANKING 45
STUDENT student_MNECASL NOW AT RANKING 69
STUDENT student_HYE NOW AT RANKING 63
STUDENT student_RZ NOW AT RANKING 8
STUDENT student_IGWNTU NOW AT RANKING 38
[Error]Update failed.
STUDENT student_OP NOW AT RANKING 45
[Error]Update failed.
STUDENT student_UKT NOW AT RANKING 10
STUDENT student_WFH NOW AT RANKING 23
STUDENT student_LQHU NOW AT RANKING 2
[Error]Update failed.
STUDENT student_YAMKJ NOW AT RANKING 37
STUDENT student_RZ NOW AT RANKING 8
STUDENT student_GOUJ NOW AT RANKING 52
STUDENT student_YDQLRW NOW AT RANKING 48
[Error]Query failed.
[Error]Cannot add student now.
STUDENT student_ZI NOW AT RANKING 54
[Error]Update failed.
STUDENT student_WFH NOW AT RANKING 23
STUDENT student_MKBUW NOW AT RANKING 35
STUDENT student_MK NOW AT RANKING 33
STUDENT student_SPOKPZE NOW AT RANKING 58
STUDENT student_QV NOW AT RANKING 12
STUDENT student_JOSJDVO NOW AT RANKING 21
STUDENT student_QCVTVL NOW AT RANKING 16
STUDENT student_IRBUX NOW AT RANKING 50
[Error]Update failed.
STUDENT student_KUQLGVC NOW AT RANKING 18
STUDENT student_AVRL NOW AT RANKING 22
STUDENT student_RZ NOW AT RANKING 8
STUDENT student_HYE NOW AT RANKING 63
STUDENT student_NVSN NOW AT RANKING 7
[Error]Query failed.
STUDENT student_OIJ NOW AT RANKING 64
STUDENT student_MNECASL NOW AT RANKING 69
STUDENT student_IVQ NOW AT RANKING 61
STUDENT student_XLNJ NOW AT RANKING 17
STUDENT student_RQDW NOW AT RANKING 55
STUDENT student_ADYH NOW AT RANKING 14
STUDENT student_IVQ NOW AT RANKING 40
STUDENT student_CCMREF NOW AT RANKING 20
STUDENT student_OFJLP NOW AT RANKING 1
STUDENT student_ATUKUK NOW AT RANKING 39
[Error]Update failed.
[Error]Update failed.
STUDENT student_KUQLGVC NOW AT RANKING 19
STUDENT student_IGWNTU NOW AT RANKING 43
STUDENT student_RQDW NOW AT RANKING 52
STUDENT student_TC NOW AT RANKING 6
STUDENT student_JOSJDVO NOW AT RANKING 48
STUDENT student_FSMKW NOW AT RANKING 7
[Error]Query failed.
STUDENT student_OROKMNL NOW AT RANKING 26
STUDENT student_PVDB NOW AT RANKING 59
STUDENT student_WFH NOW AT RANKING 23
STUDENT student_YDQLRW NOW AT RANKING 55
STUDENT student_ATUKUK NOW AT RANKING 39
STUDENT student_IGWNTU NOW AT RANKING 43
STUDENT student_JOSJDVO NOW AT RANKING 48
STUDENT student_IRBUX NOW AT RANKING 47
[Error]Update failed.
[Error]Query failed.
[Error]Update failed.
[Error]Query failed.
STUDENT student_HPWNBP NOW AT RANKING 5
STUDENT student_SPOKPZE NOW AT RANKING 61
STUDENT student_UJDSCQB NOW AT RANKING 66
STUDENT student_NVSN NOW AT RANKING 3
STUDENT student_CCMREF NOW AT RANKING 20
STUDENT student_QV NOW AT RANKING 8
[Error]Query failed.
STUDENT student_TC NOW AT RANKING 6
STUDENT student_HPWNBP NOW AT RANKING 5
[Error]Update failed.
STUDENT student_AWATQIF NOW AT RANKING 46
STUDENT student_FOXZP NOW AT RANKING 29
STUDENT student_MM NOW AT RANKING 25
STUDENT student_SPOKPZE NOW AT RANKING 61
STUDENT student_SUI NOW AT RANKING 31
STUDENT student_SUI NOW AT RANKING 31
STUDENT student_HYE NOW AT RANKING 45
STUDENT student_FOXZP NOW AT RANKING 29
STUDENT student_UJDSCQB NOW AT RANKING 66
[Error]Cannot add student now.
STUDENT student_YDQLRW NOW AT RANKING 55
[Error]Cannot add student now.
STUDENT student_ATUKUK NOW AT RANKING 39
STUDENT student_OROKMNL NOW AT RANKING 26
[Error]Query failed.
STUDENT student_KUQLGVC NOW AT RANKING 19
STUDENT student_OP NOW AT RANKING 50
STUDENT student_GMFFN NOW AT RANKING 64
STUDENT student_ATUKUK NOW AT RANKING 39
[Error]Update failed.
STUDENT student_IRBUX NOW AT RANKING 47
STUDENT student_WFH NOW AT RANKING 23
[Error]Cannot add student now.
STUDENT student_YAMKJ NOW AT RANKING 42
STUDENT student_ATUKUK NOW AT RANKING 39
[Error]Update failed.
STUDENT student_MF NOW AT RANKING 71
STUDENT student_OP NOW AT RANKING 50
[Error]Update failed.
STUDENT student_ADYH NOW AT RANKING 38
[Error]Update failed.
STUDENT student_EZYC NOW AT RANKING 51
STUDENT student_PVDB NOW AT RANKING 59
STUDENT student_MKBUW NOW AT RANKING 10
[Error]Query failed.
STUDENT student_ATUKUK NOW AT RANKING 39
[Error]Cannot add student now.
STUDENT student_MF NOW AT RANKING 71
[Error]Cannot add student now.
[Error]Update failed.
[Error]Update failed.
[Error]Update failed.
STUDENT student_FTRN NOW AT RANKING 54
STUDENT student_RQDW NOW AT RANKING 52
STUDENT student_LQHU NOW AT RANKING 2
STUDENT student_LP NOW AT RANKING 32
STUDENT student_BRKEM NOW AT RANKING 62
STUDENT student_ZBE NOW AT RANKING 56
[Error]Update failed.
[Error]Query failed.
STUDENT student_JNMSFS NOW AT RANKING 14
STUDENT student_ZBE NOW AT RANKING 56
STUDENT student_YHKVZ NOW AT RANKING 44
[Error]Query failed.
STUDENT student_NVSN NOW AT RANKING 3
[Error]Cannot add student now.
STUDENT student_JNMSFS NOW AT RANKING 10
STUDENT student_NVSN NOW AT RANKING 5
STUDENT student_QV NOW AT RANKING 8
STUDENT student_NL NOW AT RANKING 53
STUDENT student_FSMKW NOW AT RANKING 2
[Error]Update failed.
STUDENT student_YHKVZ NOW AT RANKING 33
STUDENT student_TC NOW AT RANKING 6
[Error]Cannot add student now.
STUDENT student_FSMKW NOW AT RANKING 2
[Error]Update failed.
STUDENT student_YAMKJ NOW AT RANKING 35
STUDENT student_MNECASL NOW AT RANKING 72
STUDENT student_CULLEVC NOW AT RANKING 32
[Error]Query failed.
[Error]Query failed.
STUDENT student_AVRL NOW AT RANKING 19
STUDENT student_LQHU NOW AT RANKING 3
STUDENT student_MM NOW AT RANKING 23
STUDENT student_MM NOW AT RANKING 23
STUDENT student_FOXZP NOW AT RANKING 24
[Error]Cannot add student now.
STUDENT student_ADYH NOW AT RANKING 11
[Error]Cannot add student now.
STUDENT student_ADYH NOW AT RANKING 11
[Error]Cannot add student now.
[Error]Update failed.
STUDENT student_XMUZZXV NOW AT RANKING 30
[Error]Query failed.
STUDENT student_QV NOW AT RANKING 8
STUDENT student_RNQK NOW AT RANKING 52
STUDENT student_BRKEM NOW AT RANKING 58
STUDENT student_GMFFN NOW AT RANKING 62
STUDENT student_OROKMNL NOW AT RANKING 25
[Error]Update failed.
STUDENT student_BRKEM NOW AT RANKING 58
STUDENT student_KUQLGVC NOW AT RANKING 26
STUDENT student_DDNDC NOW AT RANKING 61
STUDENT student_UKT NOW AT RANKING 47
STUDENT student_USD NOW AT RANKING 38
[Error]Cannot add student now.
STUDENT student_PVDB NOW AT RANKING 18
STUDENT student_ATUKUK NOW AT RANKING 41
STUDENT student_BQN NOW AT RANKING 13
STUDENT student_BRKEM NOW AT RANKING 58
[Error]Cannot add student now.
STUDENT student_RZ NOW AT RANKING 37
[Error]Update failed.
STUDENT student_DDNDC NOW AT RANKING 61
STUDENT student_SUI NOW AT RANKING 27
STUDENT student_AWATQIF NOW AT RANKING 43
STUDENT student_IGWNTU NOW AT RANKING 40
[Error]Update failed.
STUDENT student_OP NOW AT RANKING 49
STUDENT student_JNMSFS NOW AT RANKING 10
[Error]Query failed.
[Error]Update failed.
STUDENT student_BRKEM NOW AT RANKING 58
STUDENT student_ADYH NOW AT RANKING 11
STUDENT student_RQDW NOW AT RANKING 42
STUDENT student_XLNJ NOW AT RANKING 15
[Error]Query failed.
STUDENT student_YDQLRW NOW AT RANKING 55
STUDENT student_JNMSFS NOW AT RANKING 10
[Error]Query failed.
STUDENT student_EGKU NOW AT RANKING 69
STUDENT student_EGKU NOW AT RANKING 69
STUDENT student_IRBUX NOW AT RANKING 57
STUDENT student_NL NOW AT RANKING 53
[Error]Cannot add student now.
STUDENT student_IRBUX NOW AT RANKING 62
STUDENT student_ADYH NOW AT RANKING 7
STUDENT student_HPWNBP NOW AT RANKING 10
STUDENT student_MKBUW NOW AT RANKING 9
STUDENT student_FOXZP NOW AT RANKING 25
STUDENT student_QV NOW AT RANKING 12
STUDENT student_IVQ NOW AT RANKING 50
STUDENT student_ATUKUK NOW AT RANKING 42
STUDENT student_EZYC NOW AT RANKING 65
STUDENT student_ZI NOW AT RANKING 46
STUDENT student_IRBUX NOW AT RANKING 62
STUDENT student_OP NOW AT RANKING 44
STUDENT student_TLRLPY NOW AT RANKING 8
[Error]Update failed.
STUDENT student_IRBUX NOW AT RANKING 62
STUDENT student_OIJ NOW AT RANKING 68
[Error]Query failed.
[Error]Update failed.
[Error]Cannot add student now.
[Error]Update failed.
[Error]Query failed.
[Error]Update failed.
[Error]Update failed.
[Error]Query failed.
STUDENT student_EZYC NOW AT RANKING 65
STUDENT student_XMUZZXV NOW AT RANKING 32
STUDENT student_KUQLGVC NOW AT RANKING 54
STUDENT student_AVRL NOW AT RANKING 18
[Error]Update failed.
STUDENT student_ZXUQX NOW AT RANKING 14
STUDENT student_RZ NOW AT RANKING 39
STUDENT student_USD NOW AT RANKING 49
STUDENT student_BQN NOW AT RANKING 23
STUDENT student_MNECASL NOW AT RANKING 71
STUDENT student_UKT NOW AT RANKING 52
STUDENT student_KUQLGVC NOW AT RANKING 54
STUDENT student_SPOKPZE NOW AT RANKING 62
STUDENT student_ZI NOW AT RANKING 58
[Error]Cannot add student now.
STUDENT student_ATUKUK NOW AT RANKING 28
STUDENT student_FSMKW NOW AT RANKING 1
[Error]Query failed.
STUDENT student_HPWNBP NOW AT RANKING 10
STUDENT student_RZ NOW AT RANKING 50
STUDENT student_ZBE NOW AT RANKING 63
[Error]Update failed.
[Error]Query failed.
[Error]Query failed.
STUDENT student_FOXZP NOW AT RANKING 18
[Error]Cannot add student now.
[Error]Query failed.
STUDENT student_SUI NOW AT RANKING 22
STUDENT student_KUQLGVC NOW AT RANKING 46
STUDENT student_YDQLRW NOW AT RANKING 54
STUDENT student_MF NOW AT RANKING 69
STUDENT student_DDNDC NOW AT RANKING 59
STUDENT student_AVRL NOW AT RANKING 16
STUDENT student_EZYC NOW AT RANKING 64
STUDENT student_BRKEM NOW AT RANKING 38
STUDENT student_GBEAOH NOW AT RANKING 3
STUDENT student_NVSN NOW AT RANKING 6
STUDENT student_USD NOW AT RANKING 48
STUDENT student_MM NOW AT RANKING 21
STUDENT student_ZI NOW AT RANKING 58
STUDENT student_ATUKUK NOW AT RANKING 28
STUDENT student_IVQ NOW AT RANKING 52
STUDENT student_IGWNTU NOW AT RANKING 37
STUDENT student_UYT NOW AT RANKING 41
[Error]Cannot add student now.
STUDENT student_IVQ NOW AT RANKING 52
STUDENT student_LP NOW AT RANKING 26
STUDENT student_CCMREF NOW AT RANKING 17
STUDENT student_FTRN NOW AT RANKING 53
STUDENT student_MK NOW AT RANKING 42
STUDENT student_HPWNBP NOW AT RANKING 10
STUDENT student_FQIONNH NOW AT RANKING 29
STUDENT student_RQDW NOW AT RANKING 19
STUDENT student_NL NOW AT RANKING 34
[Error]Query failed.
STUDENT student_DIFURV NOW AT RANKING 44
STUDENT student_YHKVZ NOW AT RANKING 51
STUDENT student_ZXUQX NOW AT RANKING 14
STUDENT student_UKT NOW AT RANKING 43
STUDENT student_MKBUW NOW AT RANKING 7
STUDENT student_LQHU NOW AT RANKING 4
STUDENT student_QCVTVL NOW AT RANKING 40
STUDENT student_QAJZVSX NOW AT RANKING 33
STUDENT student_RZ NOW AT RANKING 50
STUDENT student_ATUKUK NOW AT RANKING 28
STUDENT student_FOXZP NOW AT RANKING 18
STUDENT student_XLNJ NOW AT RANKING 13
[Error]Update failed.
STUDENT student_CCMREF NOW AT RANKING 17
STUDENT student_FTRN NOW AT RANKING 53
STUDENT student_MNECASL NOW AT RANKING 71
[Error]Update failed.
[Error]Query failed.
STUDENT student_IRBUX NOW AT RANKING 60
STUDENT student_AVRL NOW AT RANKING 16
[Error]Query failed.
STUDENT student_BRKEM NOW AT RANKING 38
STUDENT student_YDQLRW NOW AT RANKING 54
STUDENT student_JOSJDVO NOW AT RANKING 49
STUDENT student_CCMREF NOW AT RANKING 17
STUDENT student_LQHU NOW AT RANKING 4
STUDENT student_QCVTVL NOW AT RANKING 40
STUDENT student_MF NOW AT RANKING 69
STUDENT student_CCMREF NOW AT RANKING 17
STUDENT student_UKT NOW AT RANKING 43
STUDENT student_AOM NOW AT RANKING 31
STUDENT student_YDQLRW NOW AT RANKING 54
STUDENT student_OIJ NOW AT RANKING 68
STUDENT student_DOCDGAO NOW AT RANKING 61
STUDENT student_LP NOW AT RANKING 26
STUDENT student_CULLEVC NOW AT RANKING 27
STUDENT student_ABZGQE NOW AT RANKING 55
STUDENT student_ABZGQE NOW AT RANKING 55
STUDENT student_UYT NOW AT RANKING 41
STUDENT student_ADYH NOW AT RANKING 8
STUDENT student_RZ NOW AT RANKING 50
[Error]Query failed.
STUDENT student_IVQ NOW AT RANKING 52
[Error]Cannot add student now.
STUDENT student_ADYH NOW AT RANKING 8
STUDENT student_JOSJDVO NOW AT RANKING 49
STUDENT student_IVQ NOW AT RANKING 52
STUDENT student_ZBE NOW AT RANKING 63
[Error]Cannot add student now.
STUDENT student_XLNJ NOW AT RANKING 13
[Error]Query failed.
STUDENT student_OIJ NOW AT RANKING 68
STUDENT student_RZ NOW AT RANKING 50
[Error]Update failed.
STUDENT student_FTRN NOW AT RANKING 53
[Error]Cannot add student now.
STUDENT student_PVDB NOW AT RANKING 25
[Error]Update failed.
STUDENT student_GBEAOH NOW AT RANKING 3
STUDENT student_OIJ NOW AT RANKING 68
STUDENT student_QV NOW AT RANKING 12
[Error]Update failed.
STUDENT student_ZBE NOW AT RANKING 63
STUDENT student_HPWNBP NOW AT RANKING 10
STUDENT student_IGWNTU NOW AT RANKING 37
STUDENT student_LP NOW AT RANKING 26
[Error]Update failed.
STUDENT student_EZYC NOW AT RANKING 64
[Error]Query failed.
STUDENT student_KUQLGVC NOW AT RANKING 46
STUDENT student_RNQK NOW AT RANKING 66
STUDENT student_HPWNBP NOW AT RANKING 10
STUDENT student_AWATQIF NOW AT RANKING 45
STUDENT student_LP NOW AT RANKING 26
[Error]Update failed.
[Error]Query failed.
STUDENT student_GMFFN NOW AT RANKING 56
STUDENT student_MK NOW AT RANKING 42
STUDENT student_MNECASL NOW AT RANKING 71
STUDENT student_UYT NOW AT RANKING 41
[Error]Query failed.
STUDENT student_CCMREF NOW AT RANKING 17
STUDENT student_RQDW NOW AT RANKING 19
STUDENT student_EGKU NOW AT RANKING 65
STUDENT student_OFJLP NOW AT RANKING 2
STUDENT student_OFJLP NOW AT RANKING 2
[Error]Update failed.
[Error]Query failed.
[Error]Update failed.
STUDENT student_EGKU NOW AT RANKING 65
STUDENT student_USD NOW AT RANKING 48
STUDENT student_JOSJDVO NOW AT RANKING 49
STUDENT student_XLNJ NOW AT RANKING 13
STUDENT student_ZBE NOW AT RANKING 63
STUDENT student_AVRL NOW AT RANKING 16
STUDENT student_UJDSCQB NOW AT RANKING 67
STUDENT student_NL NOW AT RANKING 34
STUDENT student_YAMKJ NOW AT RANKING 32
STUDENT student_GBEAOH NOW AT RANKING 3
STUDENT student_QCVTVL NOW AT RANKING 40
STUDENT student_AVRL NOW AT RANKING 16
[Error]Query failed.
STUDENT student_UJDSCQB NOW AT RANKING 50
STUDENT student_XVAQ NOW AT RANKING 30
[Error]Query failed.
STUDENT student_HPWNBP NOW AT RANKING 40
[Error]Update failed.
STUDENT student_ZXUQX NOW AT RANKING 52
[Error]Update failed.
[Error]Update failed.
STUDENT student_QAJZVSX NOW AT RANKING 28
[Error]Query failed.
STUDENT student_USD NOW AT RANKING 51
STUDENT student_JNMSFS NOW AT RANKING 6
STUDENT student_EZYC NOW AT RANKING 45
STUDENT student_OIJ NOW AT RANKING 41
STUDENT student_ABZGQE NOW AT RANKING 55
STUDENT student_EGKU NOW AT RANKING 56
STUDENT student_MM NOW AT RANKING 5
STUDENT student_YDQLRW NOW AT RANKING 15
[Error]Cannot add student now.
STUDENT student_AOM NOW AT RANKING 34
STUDENT student_ZXUQX NOW AT RANKING 52
STUDENT student_YHKVZ NOW AT RANKING 62
STUDENT student_MF NOW AT RANKING 67
STUDENT student_SPOKPZE NOW AT RANKING 65
STUDENT student_XMUZZXV NOW AT RANKING 21
[Error]Update failed.
[Error]Update failed.
[Error]Update failed.
[Error]Update failed.
[Error]Update failed.
STUDENT student_LQHU NOW AT RANKING 3
[Error]Cannot add student now.
STUDENT student_AWATQIF NOW AT RANKING 42
[Error]Update failed.
STUDENT student_GMFFN NOW AT RANKING 57
STUDENT student_GOUJ NOW AT RANKING 43
STUDENT student_QAJZVSX NOW AT RANKING 28
STUDENT student_RZ NOW AT RANKING 47
[Error]Query failed.
STUDENT student_SPOKPZE NOW AT RANKING 65
STUDENT student_ZXUQX NOW AT RANKING 52
STUDENT student_EGKU NOW AT RANKING 56
[Error]Update failed.
STUDENT student_EZYC NOW AT RANKING 45
STUDENT student_AWATQIF NOW AT RANKING 42
STUDENT student_TLRLPY NOW AT RANKING 12
STUDENT student_HYE NOW AT RANKING 31
STUDENT student_RNQK NOW AT RANKING 64
STUDENT student_JOSJDVO NOW AT RANKING 46
STUDENT student_UKT NOW AT RANKING 39
STUDENT student_VU NOW AT RANKING 18
STUDENT student_IVFCTA NOW AT RANKING 53
STUDENT student_ZBE NOW AT RANKING 63
[Error]Update failed.
[Error]Update failed.
STUDENT student_ADYH NOW AT RANKING 7
STUDENT student_JNMSFS NOW AT RANKING 6
[Error]Update failed.
STUDENT student_QAJZVSX NOW AT RANKING 28
[Error]Cannot add student now.
STUDENT student_QCVTVL NOW AT RANKING 60
STUDENT student_EGKU NOW AT RANKING 56
STUDENT student_TLRLPY NOW AT RANKING 12
STUDENT student_TLRLPY NOW AT RANKING 12
STUDENT student_XMUZZXV NOW AT RANKING 21
STUDENT student_XMUZZXV NOW AT RANKING 21
STUDENT student_YHKVZ NOW AT RANKING 62
STUDENT student_MK NOW AT RANKING 54
[Error]Update failed.
STUDENT student_HPWNBP NOW AT RANKING 40
STUDENT student_EGKU NOW AT RANKING 56
[Error]Update failed.
STUDENT student_ATUKUK NOW AT RANKING 9
STUDENT student_CCMREF NOW AT RANKING 48
STUDENT student_SIIU NOW AT RANKING 70
STUDENT student_SPOKPZE NOW AT RANKING 65
STUDENT student_CCMREF NOW AT RANKING 48
STUDENT student_LQHU NOW AT RANKING 3
STUDENT student_YDQLRW NOW AT RANKING 15
STUDENT student_ADYH NOW AT RANKING 7
STUDENT student_BQN NOW AT RANKING 32
[Error]Update failed.
STUDENT student_SIIU NOW AT RANKING 70
[Error]Query failed.
[Error]Update failed.
STUDENT student_QAJZVSX NOW AT RANKING 28
STUDENT student_FTRN NOW AT RANKING 49
[Error]Update failed.
STUDENT student_XMUZZXV NOW AT RANKING 21
STUDENT student_TLRLPY NOW AT RANKING 12
STUDENT student_TLRLPY NOW AT RANKING 12
[Error]Query failed.
STUDENT student_WFH NOW AT RANKING 17
STUDENT student_NL NOW AT RANKING 29
STUDENT student_FQIONNH NOW AT RANKING 19
STUDENT student_UJDSCQB NOW AT RANKING 55
STUDENT student_XLNJ NOW AT RANKING 29
STUDENT student_RZ NOW AT RANKING 21
STUDENT student_ABZGQE NOW AT RANKING 60
STUDENT student_MF NOW AT RANKING 59
[Error]Update failed.
STUDENT student_HYE NOW AT RANKING 36
STUDENT student_NL NOW AT RANKING 34
STUDENT student_EGKU NOW AT RANKING 44
STUDENT student_MKBUW NOW AT RANKING 7
STUDENT student_MF NOW AT RANKING 59
STUDENT student_CULLEVC NOW AT RANKING 40
STUDENT student_FQIONNH NOW AT RANKING 19
STUDENT student_UKT NOW AT RANKING 30
STUDENT student_MF NOW AT RANKING 59
STUDENT student_YAMKJ NOW AT RANKING 25
[Error]Cannot add student now.
STUDENT student_IGWNTU NOW AT RANKING 64
[Error]Update failed.
STUDENT student_ZBE NOW AT RANKING 56
STUDENT student_GBEAOH NOW AT RANKING 1
[Error]Query failed.
STUDENT student_YHKVZ NOW AT RANKING 63
STUDENT student_TC NOW AT RANKING 28
STUDENT student_MF NOW AT RANKING 59
STUDENT student_JOSJDVO NOW AT RANKING 46
[Error]Cannot add student now.
STUDENT student_SIIU NOW AT RANKING 70
STUDENT student_IRBUX NOW AT RANKING 72
[Error]Update failed.
[Error]Query failed.
STUDENT student_UKT NOW AT RANKING 30
STUDENT student_GOUJ NOW AT RANKING 16
STUDENT student_TC NOW AT RANKING 28
STUDENT student_QV NOW AT RANKING 50
STUDENT student_FTRN NOW AT RANKING 47
STUDENT student_USD NOW AT RANKING 52
STUDENT student_DDNDC NOW AT RANKING 31
STUDENT student_SPOKPZE NOW AT RANKING 70
STUDENT student_VU NOW AT RANKING 15
STUDENT student_BQN NOW AT RANKING 37
STUDENT student_XLNJ NOW AT RANKING 28
STUDENT student_EGKU NOW AT RANKING 22
[Error]Update failed.
STUDENT student_QCVTVL NOW AT RANKING 44
STUDENT student_NL NOW AT RANKING 39
[Error]Update failed.
STUDENT student_CULLEVC NOW AT RANKING 41
STUDENT student_XMUZZXV NOW AT RANKING 67
[Error]Query failed.
STUDENT student_ADYH NOW AT RANKING 12
STUDENT student_FTRN NOW AT RANKING 46
STUDENT student_AWATQIF NOW AT RANKING 26
[Error]Cannot add student now.
STUDENT student_RZ NOW AT RANKING 20
STUDENT student_CCMREF NOW AT RANKING 18
[Error]Query failed.
STUDENT student_QAJZVSX NOW AT RANKING 24
STUDENT student_YAMKJ NOW AT RANKING 25
STUDENT student_IVFCTA NOW AT RANKING 57
STUDENT student_YDQLRW NOW AT RANKING 13
STUDENT student_QAJZVSX NOW AT RANKING 24
STUDENT student_XLNJ NOW AT RANKING 28
STUDENT student_AOM NOW AT RANKING 51
STUDENT student_SIIU NOW AT RANKING 69
[Error]Query failed.
STUDENT student_QAJZVSX NOW AT RANKING 24
STUDENT student_CCMREF NOW AT RANKING 18
STUDENT student_LP NOW AT RANKING 14
STUDENT student_AOM NOW AT RANKING 51
STUDENT student_EGKU NOW AT RANKING 21
STUDENT student_XLNJ NOW AT RANKING 28
STUDENT student_YAMKJ NOW AT RANKING 29
STUDENT student_AVRL NOW AT RANKING 26
STUDENT student_SPOKPZE NOW AT RANKING 71
STUDENT student_YHKVZ NOW AT RANKING 60
[Error]Update failed.
STUDENT student_TC NOW AT RANKING 25
STUDENT student_AOM NOW AT RANKING 52
STUDENT student_SIIU NOW AT RANKING 70
STUDENT student_AVRL NOW AT RANKING 26
STUDENT student_ABZGQE NOW AT RANKING 51
STUDENT student_YDQLRW NOW AT RANKING 11
[Error]Query failed.
[Error]Update failed.
[Error]Query failed.
STUDENT student_XVAQ NOW AT RANKING 31
STUDENT student_GMFFN NOW AT RANKING 66
STUDENT student_MF NOW AT RANKING 58
[Error]Update failed.
[Error]Update failed.
STUDENT student_GMFFN NOW AT RANKING 66
STUDENT student_KUQLGVC NOW AT RANKING 59
STUDENT student_XLNJ NOW AT RANKING 32
STUDENT student_FQIONNH NOW AT RANKING 21
STUDENT student_MNECASL NOW AT RANKING 69
[Error]Update failed.
STUDENT student_QV NOW AT RANKING 49
[Error]Update failed.
[Error]Cannot add student now.
STUDENT student_OROKMNL NOW AT RANKING 62
STUDENT student_XVAQ NOW AT RANKING 31
STUDENT student_DOCDGAO NOW AT RANKING 68
STUDENT student_BRKEM NOW AT RANKING 41
STUDENT student_MNECASL NOW AT RANKING 69
STUDENT student_WFH NOW AT RANKING 48
STUDENT student_FSMKW NOW AT RANKING 2
STUDENT student_ADYH NOW AT RANKING 22
STUDENT student_QAJZVSX NOW AT RANKING 28
STUDENT student_UKT NOW AT RANKING 10
STUDENT student_IGWNTU NOW AT RANKING 61
STUDENT student_TC NOW AT RANKING 25
STUDENT student_XMUZZXV NOW AT RANKING 67
STUDENT student_MF NOW AT RANKING 58
[Error]Query failed.
STUDENT student_CCMREF NOW AT RANKING 6
STUDENT student_FQIONNH NOW AT RANKING 21
STUDENT student_ECYPT NOW AT RANKING 37
STUDENT student_SPOKPZE NOW AT RANKING 71
STUDENT student_OP NOW AT RANKING 64
STUDENT student_YDQLRW NOW AT RANKING 11
STUDENT student_DIFURV NOW AT RANKING 54
STUDENT student_WFH NOW AT RANKING 48
STUDENT student_KUQLGVC NOW AT RANKING 59
[Error]Query failed.
STUDENT student_QAJZVSX NOW AT RANKING 28
STUDENT student_FQIONNH NOW AT RANKING 21
[Error]Update failed.
[Error]Query failed.
STUDENT student_EGKU NOW AT RANKING 20
STUDENT student_NVSN NOW AT RANKING 38
STUDENT student_ABZGQE NOW AT RANKING 51
[Error]Query failed.
STUDENT student_YHKVZ NOW AT RANKING 60
STUDENT student_RZ NOW AT RANKING 24
[Error]Update failed.
STUDENT student_OROKMNL NOW AT RANKING 62
STUDENT student_CULLEVC NOW AT RANKING 44
STUDENT student_AVRL NOW AT RANKING 24
STUDENT student_LP NOW AT RANKING 14
STUDENT student_XVAQ NOW AT RANKING 28
STUDENT student_XMUZZXV NOW AT RANKING 65
STUDENT student_TC NOW AT RANKING 23
STUDENT student_BRKEM NOW AT RANKING 68
STUDENT student_WFH NOW AT RANKING 51
STUDENT student_UKT NOW AT RANKING 11
STUDENT student_PVDB NOW AT RANKING 13
[Error]Update failed.
STUDENT student_NL NOW AT RANKING 40
STUDENT student_OFJLP NOW AT RANKING 10
STUDENT student_USD NOW AT RANKING 44
STUDENT student_XVAQ NOW AT RANKING 28
STUDENT student_UYT NOW AT RANKING 43
[Error]Update failed.
STUDENT student_RZ NOW AT RANKING 22
[Error]Query failed.
STUDENT student_ABZGQE NOW AT RANKING 66
STUDENT student_SUI NOW AT RANKING 17
STUDENT student_RNQK NOW AT RANKING 35
[Error]Query failed.
STUDENT student_GMFFN NOW AT RANKING 63
STUDENT student_MNECASL NOW AT RANKING 67
STUDENT student_JOSJDVO NOW AT RANKING 32
[Error]Update failed.
STUDENT student_AVRL NOW AT RANKING 24
STUDENT student_DDNDC NOW AT RANKING 33
STUDENT student_MK NOW AT RANKING 60
STUDENT student_NL NOW AT RANKING 40
[Error]Update failed.
STUDENT student_OP NOW AT RANKING 61
STUDENT student_LP NOW AT RANKING 14
STUDENT student_IVFCTA NOW AT RANKING 62
STUDENT student_OIJ NOW AT RANKING 41
STUDENT student_GBEAOH NOW AT RANKING 5
STUDENT student_GMFFN NOW AT RANKING 63
STUDENT student_LQHU NOW AT RANKING 1
STUDENT student_RNQK NOW AT RANKING 35
STUDENT student_AOM NOW AT RANKING 55
[Error]Cannot add student now.
STUDENT student_QCVTVL NOW AT RANKING 46
[Error]Cannot add student now.
[Error]Query failed.
STUDENT student_NVSN NOW AT RANKING 37
STUDENT student_CULLEVC NOW AT RANKING 45
[Error]Query failed.
[Error]Cannot add student now.
STUDENT student_FQIONNH NOW AT RANKING 27
STUDENT student_OIJ NOW AT RANKING 41
STUDENT student_XLNJ NOW AT RANKING 33
[Error]Update failed.
[Error]Update failed.
STUDENT student_HYE NOW AT RANKING 12
STUDENT student_MF NOW AT RANKING 59
[Error]Query failed.
[Error]Update failed.
[Error]Query failed.
STUDENT student_IVFCTA NOW AT RANKING 54
STUDENT student_ATUKUK NOW AT RANKING 2
STUDENT student_ATUKUK NOW AT RANKING 2
STUDENT student_QCVTVL NOW AT RANKING 44
STUDENT student_UJDSCQB NOW AT RANKING 23
STUDENT student_XVAQ NOW AT RANKING 31
STUDENT student_IRBUX NOW AT RANKING 72
STUDENT student_IVQ NOW AT RANKING 27
STUDENT student_FOXZP NOW AT RANKING 16
[Error]Update failed.
STUDENT student_YDQLRW NOW AT RANKING 22
STUDENT student_AVRL NOW AT RANKING 26
STUDENT student_XLNJ NOW AT RANKING 33
STUDENT student_OFJLP NOW AT RANKING 8
STUDENT student_IVFCTA NOW AT RANKING 55
[Error]Update failed.
STUDENT student_UYT NOW AT RANKING 49
STUDENT student_IVFCTA NOW AT RANKING 55
STUDENT student_ECYPT NOW AT RANKING 10
STUDENT student_CULLEVC NOW AT RANKING 28
STUDENT student_QAJZVSX NOW AT RANKING 5
STUDENT student_ZI NOW AT RANKING 68
[Error]Query failed.
STUDENT student_ZI NOW AT RANKING 68
STUDENT student_ZBE NOW AT RANKING 44
STUDENT student_SPOKPZE NOW AT RANKING 71
[Error]Query failed.
[Error]Cannot add student now.
STUDENT student_QCVTVL NOW AT RANKING 43
[Error]Query failed.
STUDENT student_YDQLRW NOW AT RANKING 47
[Error]Update failed.
[Error]Update failed.
STUDENT student_DIFURV NOW AT RANKING 61
[Error]Query failed.
[Error]Update failed.
[Error]Update failed.
STUDENT student_BRKEM NOW AT RANKING 67
STUDENT student_MF NOW AT RANKING 59
STUDENT student_AOM NOW AT RANKING 53
STUDENT student_QV NOW AT RANKING 63
STUDENT student_TLRLPY NOW AT RANKING 18
[Error]Update failed.
STUDENT student_SUI NOW AT RANKING 16
STUDENT student_ABZGQE NOW AT RANKING 64
[Error]Cannot add student now.
[Error]Query failed.
STUDENT student_RZ NOW AT RANKING 22
STUDENT student_BRKEM NOW AT RANKING 67
STUDENT student_YDQLRW NOW AT RANKING 47
[Error]Update failed.
STUDENT student_MF NOW AT RANKING 59
STUDENT student_SUI NOW AT RANKING 16
STUDENT student_MK NOW AT RANKING 70
STUDENT student_AVRL NOW AT RANKING 52
STUDENT student_YDQLRW NOW AT RANKING 47
STUDENT student_BRKEM NOW AT RANKING 67
STUDENT student_FOXZP NOW AT RANKING 7
[Error]Query failed.
STUDENT student_RQDW NOW AT RANKING 12
STUDENT student_GMFFN NOW AT RANKING 45
STUDENT student_XLNJ NOW AT RANKING 31
[Error]Query failed.
STUDENT student_ZBE NOW AT RANKING 44
STUDENT student_QV NOW AT RANKING 63
STUDENT student_XMUZZXV NOW AT RANKING 60
STUDENT student_ADYH NOW AT RANKING 20
[Error]Query failed.
STUDENT student_ABZGQE NOW AT RANKING 64
STUDENT student_ZXUQX NOW AT RANKING 32
[Error]Cannot add student now.
STUDENT student_JNMSFS NOW AT RANKING 48
[Error]Query failed.
STUDENT student_XVAQ NOW AT RANKING 29
STUDENT student_XMUZZXV NOW AT RANKING 60
STUDENT student_YAMKJ NOW AT RANKING 26
STUDENT student_PVDB NOW AT RANKING 33
[Error]Query failed.
STUDENT student_XVAQ NOW AT RANKING 29
STUDENT student_GOUJ NOW AT RANKING 17
STUDENT student_IRBUX NOW AT RANKING 72
[Error]Query failed.
STUDENT student_IVQ NOW AT RANKING 24
STUDENT student_XLNJ NOW AT RANKING 31
STUDENT student_YAMKJ NOW AT RANKING 26
STUDENT student_RQDW NOW AT RANKING 12
STUDENT student_BQN NOW AT RANKING 38
STUDENT student_NVSN NOW AT RANKING 37
STUDENT student_TC NOW AT RANKING 23
STUDENT student_UKT NOW AT RANKING 35
STUDENT student_IRBUX NOW AT RANKING 72
STUDENT student_TC NOW AT RANKING 23
STUDENT student_IRBUX NOW AT RANKING 72
STUDENT student_RZ NOW AT RANKING 26
STUDENT student_DOCDGAO NOW AT RANKING 34
[Error]Cannot add student now.
STUDENT student_ZXUQX NOW AT RANKING 31
STUDENT student_MF NOW AT RANKING 24
STUDENT student_AVRL NOW AT RANKING 52
STUDENT student_PVDB NOW AT RANKING 45
[Error]Update failed.
STUDENT student_CULLEVC NOW AT RANKING 13
STUDENT student_CULLEVC NOW AT RANKING 13
STUDENT student_ZBE NOW AT RANKING 44
STUDENT student_GMFFN NOW AT RANKING 19
STUDENT student_OIJ NOW AT RANKING 41
STUDENT student_SIIU NOW AT RANKING 67
STUDENT student_XMUZZXV NOW AT RANKING 64
[Error]Query failed.
STUDENT student_XVAQ NOW AT RANKING 19
STUDENT student_OIJ NOW AT RANKING 40
STUDENT student_USD NOW AT RANKING 41
STUDENT student_OFJLP NOW AT RANKING 22
STUDENT student_MKBUW NOW AT RANKING 3
STUDENT student_ATUKUK NOW AT RANKING 1
STUDENT student_ZI NOW AT RANKING 63
STUDENT student_ZI NOW AT RANKING 63
STUDENT student_LQHU NOW AT RANKING 9
STUDENT student_IVQ NOW AT RANKING 61
STUDENT student_ZBE NOW AT RANKING 47
STUDENT student_YDQLRW NOW AT RANKING 46
STUDENT student_NVSN NOW AT RANKING 43
[Error]Cannot add student now.
STUDENT student_VU NOW AT RANKING 30
[Error]Query failed.
STUDENT student_PVDB NOW AT RANKING 45
STUDENT student_EGKU NOW AT RANKING 16
[Error]Query failed.
STUDENT student_SPOKPZE NOW AT RANKING 71
STUDENT student_OROKMNL NOW AT RANKING 49
STUDENT student_CULLEVC NOW AT RANKING 15
STUDENT student_LQHU NOW AT RANKING 9
STUDENT student_FQIONNH NOW AT RANKING 44
STUDENT student_EZYC NOW AT RANKING 54
[Error]Update failed.
STUDENT student_TLRLPY NOW AT RANKING 18
[Error]Update failed.
STUDENT student_YDQLRW NOW AT RANKING 46
STUDENT student_ABZGQE NOW AT RANKING 51
STUDENT student_JNMSFS NOW AT RANKING 5
[Error]Cannot add student now.
STUDENT student_GBEAOH NOW AT RANKING 48
STUDENT student_GOUJ NOW AT RANKING 21
[Error]Cannot add student now.
STUDENT student_YHKVZ NOW AT RANKING 59
[Error]Update failed.
STUDENT student_BRKEM NOW AT RANKING 69
STUDENT student_FQIONNH NOW AT RANKING 44
[Error]Query failed.
[Error]Update failed.
STUDENT student_IVFCTA NOW AT RANKING 53
STUDENT student_TC NOW AT RANKING 28
STUDENT student_MF NOW AT RANKING 24
STUDENT student_MF NOW AT RANKING 24
[Error]Cannot add student now.
STUDENT student_FTRN NOW AT RANKING 50
[Error]Query failed.
STUDENT student_SUI NOW AT RANKING 29
STUDENT student_OROKMNL NOW AT RANKING 49
STUDENT student_IVQ NOW AT RANKING 61
STUDENT student_IVQ NOW AT RANKING 61
STUDENT student_ZXUQX NOW AT RANKING 33
STUDENT student_FOXZP NOW AT RANKING 2
STUDENT student_FSMKW NOW AT RANKING 3
STUDENT student_AWATQIF NOW AT RANKING 9
STUDENT student_IVFCTA NOW AT RANKING 31
[Error]Cannot add student now.
STUDENT student_SIIU NOW AT RANKING 64
STUDENT student_ADYH NOW AT RANKING 29
STUDENT student_ECYPT NOW AT RANKING 15
STUDENT student_QCVTVL NOW AT RANKING 28
STUDENT student_SPOKPZE NOW AT RANKING 71
STUDENT student_FQIONNH NOW AT RANKING 45
STUDENT student_KUQLGVC NOW AT RANKING 53
STUDENT student_IVQ NOW AT RANKING 59
STUDENT student_HYE NOW AT RANKING 12
STUDENT student_MNECASL NOW AT RANKING 57
STUDENT student_GBEAOH NOW AT RANKING 51
STUDENT student_ECYPT NOW AT RANKING 15
STUDENT student_AWATQIF NOW AT RANKING 9
STUDENT student_UYT NOW AT RANKING 23
STUDENT student_DOCDGAO NOW AT RANKING 38
STUDENT student_BRKEM NOW AT RANKING 67
[Error]Query failed.
STUDENT student_TC NOW AT RANKING 27
STUDENT student_ATUKUK NOW AT RANKING 24
STUDENT student_RQDW NOW AT RANKING 16
STUDENT student_MK NOW AT RANKING 69
STUDENT student_EGKU NOW AT RANKING 8
STUDENT student_IVQ NOW AT RANKING 59
STUDENT student_FOXZP NOW AT RANKING 1
[Error]Update failed.
STUDENT student_ECYPT NOW AT RANKING 15
STUDENT student_DDNDC NOW AT RANKING 5
STUDENT student_AWATQIF NOW AT RANKING 9
STUDENT student_YDQLRW NOW AT RANKING 47
[Error]Update failed.
[Error]Query failed.
STUDENT student_ZI NOW AT RANKING 65
STUDENT student_USD NOW AT RANKING 40
STUDENT student_TLRLPY NOW AT RANKING 13
STUDENT student_ZBE NOW AT RANKING 48
[Error]Query failed.
STUDENT student_MM NOW AT RANKING 55
STUDENT student_RQDW NOW AT RANKING 16
[Error]Update failed.
STUDENT student_SUI NOW AT RANKING 33
STUDENT student_OFJLP NOW AT RANKING 21
STUDENT student_VU NOW AT RANKING 20
STUDENT student_WFH NOW AT RANKING 72
[Error]Update failed.
STUDENT student_TC NOW AT RANKING 27
STUDENT student_AOM NOW AT RANKING 14
STUDENT student_DOCDGAO NOW AT RANKING 38
STUDENT student_FOXZP NOW AT RANKING 1
STUDENT student_FQIONNH NOW AT RANKING 45
[Error]Update failed.
STUDENT student_NVSN NOW AT RANKING 44
STUDENT student_EZYC NOW AT RANKING 52
STUDENT student_RNQK NOW AT RANKING 30
STUDENT student_ATUKUK NOW AT RANKING 24
STUDENT student_FTRN NOW AT RANKING 50
STUDENT student_MNECASL NOW AT RANKING 57
STUDENT student_USD NOW AT RANKING 40
STUDENT student_LQHU NOW AT RANKING 11
STUDENT student_RQDW NOW AT RANKING 16
STUDENT student_FOXZP NOW AT RANKING 1
[Error]Query failed.
STUDENT student_ZBE NOW AT RANKING 48
STUDENT student_YDQLRW NOW AT RANKING 47
[Error]Query failed.
STUDENT student_TLRLPY NOW AT RANKING 13
STUDENT student_NL NOW AT RANKING 41
[Error]Query failed.
STUDENT student_HPWNBP NOW AT RANKING 43
STUDENT student_QAJZVSX NOW AT RANKING 6
STUDENT student_MM NOW AT RANKING 55
STUDENT student_TC NOW AT RANKING 27
STUDENT student_MM NOW AT RANKING 55
STUDENT student_IVFCTA NOW AT RANKING 31
STUDENT student_NL NOW AT RANKING 41
STUDENT student_FOXZP NOW AT RANKING 1
STUDENT student_NVSN NOW AT RANKING 44
STUDENT student_AOM NOW AT RANKING 14
[Error]Update failed.
STUDENT student_YAMKJ NOW AT RANKING 17
STUDENT student_BQN NOW AT RANKING 58
STUDENT student_NL NOW AT RANKING 41
STUDENT student_NVSN NOW AT RANKING 44
[Error]Query failed.
STUDENT student_BQN NOW AT RANKING 58
STUDENT student_SPOKPZE NOW AT RANKING 71
STUDENT student_QCVTVL NOW AT RANKING 28
STUDENT student_LP NOW AT RANKING 18
[Error]Query failed.
STUDENT student_MKBUW NOW AT RANKING 2
STUDENT student_CCMREF NOW AT RANKING 7
STUDENT student_JOSJDVO NOW AT RANKING 39
STUDENT student_USD NOW AT RANKING 40
STUDENT student_CULLEVC NOW AT RANKING 19
STUDENT student_DDNDC NOW AT RANKING 5
STUDENT student_AWATQIF NOW AT RANKING 9
STUDENT student_YHKVZ NOW AT RANKING 67
[Error]Cannot add student now.
[Error]Cannot add student now.
STUDENT student_PVDB NOW AT RANKING 47
STUDENT student_PVDB NOW AT RANKING 47
STUDENT student_IVFCTA NOW AT RANKING 33
STUDENT student_DOCDGAO NOW AT RANKING 31
STUDENT student_ZXUQX NOW AT RANKING 28
STUDENT student_XVAQ NOW AT RANKING 22
[Error]Update failed.
STUDENT student_GBEAOH NOW AT RANKING 46
STUDENT student_GMFFN NOW AT RANKING 41
[Error]Update failed.
STUDENT student_NL NOW AT RANKING 53
STUDENT student_PVDB NOW AT RANKING 47
STUDENT student_YAMKJ NOW AT RANKING 34
STUDENT student_DDNDC NOW AT RANKING 2
STUDENT student_ATUKUK NOW AT RANKING 39
STUDENT student_XMUZZXV NOW AT RANKING 66
[Error]Update failed.
STUDENT student_QV NOW AT RANKING 65
STUDENT student_PVDB NOW AT RANKING 47
STUDENT student_MKBUW NOW AT RANKING 36
STUDENT student_IVFCTA NOW AT RANKING 33
[Error]Update failed.
STUDENT student_WFH NOW AT RANKING 58
STUDENT student_ABZGQE NOW AT RANKING 69
STUDENT student_OFJLP NOW AT RANKING 16
[Error]Cannot add student now.
STUDENT student_FOXZP NOW AT RANKING 14
STUDENT student_GMFFN NOW AT RANKING 41
STUDENT student_FSMKW NOW AT RANKING 3
STUDENT student_AVRL NOW AT RANKING 71
STUDENT student_GOUJ NOW AT RANKING 32
STUDENT student_XLNJ NOW AT RANKING 20
STUDENT student_AVRL NOW AT RANKING 71
[Error]Query failed.
STUDENT student_UYT NOW AT RANKING 19
STUDENT student_MNECASL NOW AT RANKING 49
STUDENT student_YDQLRW NOW AT RANKING 24
STUDENT student_OP NOW AT RANKING 68
STUDENT student_QV NOW AT RANKING 65
STUDENT student_IVQ NOW AT RANKING 44
STUDENT student_XMUZZXV NOW AT RANKING 66
[Error]Cannot add student now.
[Error]Query failed.
STUDENT student_FOXZP NOW AT RANKING 14
STUDENT student_DIFURV NOW AT RANKING 63
[Error]Cannot add student now.
[Error]Update failed.
STUDENT student_OIJ NOW AT RANKING 18
[Error]Update failed.
STUDENT student_GMFFN NOW AT RANKING 38
STUDENT student_AOM NOW AT RANKING 8
STUDENT student_QCVTVL NOW AT RANKING 43
[Error]Cannot add student now.
[Error]Query failed.
[Error]Query failed.
[Error]Query failed.
STUDENT student_ATUKUK NOW AT RANKING 39
1 student_FSMKW male 14 69
2 student_DDNDC male 14 68
3 student_LP male 8 63
4 student_MF male 7 60
5 student_LQHU male 11 60
6 student_ZXUQX female 16 59
7 student_OFJLP female 6 59
8 student_TLRLPY female 11 59
9 student_AOM male 12 58
10 student_FOXZP female 2 58
11 student_QAJZVSX male 5 58
12 student_CCMREF female 11 58
13 student_EGKU male 6 57
14 student_RQDW female 5 55
15 student_UKT female 9 55
16 student_ECYPT female 12 55
17 student_GMFFN female 14 54
18 student_VU female 16 54
19 student_XVAQ female 17 54
20 student_XLNJ female 19 54
21 student_OIJ male 17 54
22 student_UYT female 11 54
23 student_EZYC female 7 53
24 student_ADYH male 12 53
25 student_RNQK female 11 52
26 student_JOSJDVO male 16 52
27 student_DOCDGAO female 11 51
28 student_HYE female 5 51
29 student_MKBUW male 10 50
30 student_IVFCTA female 3 50
31 student_YAMKJ female 17 50
32 student_UJDSCQB male 18 50
33 student_TC female 5 49
34 student_GOUJ male 16 49
35 student_JNMSFS female 3 49
36 student_USD female 5 49
37 student_AWATQIF female 10 48
38 student_RZ female 1 48
39 student_ATUKUK male 17 47
40 student_SPOKPZE female 5 47
41 student_HPWNBP female 15 47
42 student_CULLEVC male 14 47
43 student_FQIONNH male 10 47
44 student_QCVTVL male 9 46
45 student_YDQLRW female 5 46
46 student_SUI male 10 45
47 student_GBEAOH female 5 45
48 student_ZI female 9 44
49 student_MNECASL female 5 44
50 student_MK female 19 44
51 student_MM male 11 44
52 student_OP male 5 43
53 student_IVQ female 15 43
54 student_SIIU female 3 43
55 student_NL female 4 42
56 student_ZBE female 11 42
57 student_KUQLGVC female 19 42
58 student_OROKMNL female 9 42
59 student_BQN female 5 42
60 student_NVSN male 16 41
61 student_WFH male 14 41
62 student_FTRN female 9 41
63 student_ABZGQE male 9 40
64 student_DIFURV female 17 40
65 student_YHKVZ female 20 39
66 student_XMUZZXV female 20 39
67 student_IRBUX female 14 39
68 student_IGWNTU male 13 38
69 student_PVDB female 9 37
70 student_BRKEM male 8 36
71 student_AVRL female 11 36
72 student_QV female 15 29
