STUDENT student_YDQLRW NOW AT RANKING 67
STUDENT student_WFH NOW AT RANKING 36
STUDENT student_PVDB NOW AT RANKING 84
[Error]Update failed.
STUDENT student_BBUFD NOW AT RANKING 33
STUDENT student_MKBUW NOW AT RANKING 53
STUDENT student_OIJ NOW AT RANKING 86
STUDENT student_XVSOUU NOW AT RANKING 50
STUDENT student_HPWNBP NOW AT RANKING 6
STUDENT student_ECYPT NOW AT RANKING 44
STUDENT student_GBEAOH NOW AT RANKING 72
STUDENT student_QIHJXK NOW AT RANKING 2
[Error]Update failed.
STUDENT student_WYRJDKY NOW AT RANKING 65
STUDENT student_AZGHC NOW AT RANKING 27
STUDENT student_DSBA NOW AT RANKING 34
STUDENT student_ZMZDPMW NOW AT RANKING 52
STUDENT student_YS NOW AT RANKING 12
[Error]Query failed.
STUDENT student_WFH NOW AT RANKING 36
STUDENT student_DFPZCC NOW AT RANKING 48
STUDENT student_FQIONNH NOW AT RANKING 22
STUDENT student_AWATQIF NOW AT RANKING 59
STUDENT student_XLNJ NOW AT RANKING 24
STUDENT student_EZYC NOW AT RANKING 60
STUDENT student_IGWNTU NOW AT RANKING 57
STUDENT student_SIIU NOW AT RANKING 58
STUDENT student_VEKMT NOW AT RANKING 89
STUDENT student_MNECASL NOW AT RANKING 92
[Error]Update failed.
[Error]Update failed.
STUDENT student_LQHU NOW AT RANKING 4
STUDENT student_EM NOW AT RANKING 15
STUDENT student_YS NOW AT RANKING 12
STUDENT student_LQHU NOW AT RANKING 4
STUDENT student_GMFFN NOW AT RANKING 88
STUDENT student_GHQNY NOW AT RANKING 74
[Error]Query failed.
STUDENT student_MK NOW AT RANKING 48
STUDENT student_EZYC NOW AT RANKING 59
STUDENT student_MKBUW NOW AT RANKING 55
STUDENT student_ADYH NOW AT RANKING 23
STUDENT student_XVAQ NOW AT RANKING 38
STUDENT student_EZYC NOW AT RANKING 59
STUDENT student_AOM NOW AT RANKING 43
STUDENT student_UK NOW AT RANKING 2
[Error]Update failed.
[Error]Query failed.
[Error]Update failed.
[Error]Query failed.
STUDENT student_AZGHC NOW AT RANKING 28
STUDENT student_MKBUW NOW AT RANKING 55
STUDENT student_MM NOW AT RANKING 70
STUDENT student_FTRN NOW AT RANKING 65
STUDENT student_GBEAOH NOW AT RANKING 72
STUDENT student_QJYCNAC NOW AT RANKING 50
[Error]Query failed.
STUDENT student_TC NOW AT RANKING 8
STUDENT student_HYE NOW AT RANKING 86
[Error]Update failed.
STUDENT student_ZIOW NOW AT RANKING 44
STUDENT student_NVSN NOW AT RANKING 11
STUDENT student_USD NOW AT RANKING 18
STUDENT student_XVSOUU NOW AT RANKING 52
STUDENT student_QV NOW AT RANKING 20
STUDENT student_QV NOW AT RANKING 20
STUDENT student_YAMKJ NOW AT RANKING 22
STUDENT student_MF NOW AT RANKING 98
STUDENT student_YAMKJ NOW AT RANKING 22
[Error]Cannot add student now.
STUDENT student_DSBA NOW AT RANKING 35
[Error]Cannot add student now.
STUDENT student_XVAQ NOW AT RANKING 38
STUDENT student_KUFBYT NOW AT RANKING 30
[Error]Query failed.
STUDENT student_OFJLP NOW AT RANKING 1
STUDENT student_NVSN NOW AT RANKING 11
STUDENT student_DOCDGAO NOW AT RANKING 90
STUDENT student_QV NOW AT RANKING 20
[Error]Update failed.
STUDENT student_AVRL NOW AT RANKING 36
STUDENT student_OROKMNL NOW AT RANKING 40
[Error]Cannot add student now.
STUDENT student_UK NOW AT RANKING 2
STUDENT student_YAMKJ NOW AT RANKING 22
[Error]Update failed.
STUDENT student_UZLNRIX NOW AT RANKING 100
STUDENT student_NVSN NOW AT RANKING 11
[Error]Update failed.
STUDENT student_FQIONNH NOW AT RANKING 24
[Error]Update failed.
STUDENT student_AOM NOW AT RANKING 43
STUDENT student_INYLWO NOW AT RANKING 96
STUDENT student_GOUJ NOW AT RANKING 71
[Error]Query failed.
STUDENT student_UK NOW AT RANKING 2
[Error]Cannot add student now.
STUDENT student_VEKMT NOW AT RANKING 89
[Error]Cannot add student now.
[Error]Update failed.
[Error]Update failed.
[Error]Update failed.
STUDENT student_YS NOW AT RANKING 12
STUDENT student_LQHU NOW AT RANKING 4
STUDENT student_MF NOW AT RANKING 98
STUDENT student_DDNDC NOW AT RANKING 63
STUDENT student_UHMAAO NOW AT RANKING 7
STUDENT student_MNK NOW AT RANKING 95
[Error]Update failed.
[Error]Query failed.
STUDENT student_EM NOW AT RANKING 15
STUDENT student_IVQ NOW AT RANKING 84
STUDENT student_BBUFD NOW AT RANKING 34
[Error]Query failed.
STUDENT student_YS NOW AT RANKING 12
[Error]Cannot add student now.
STUDENT student_GMFFN NOW AT RANKING 77
STUDENT student_OP NOW AT RANKING 51
STUDENT student_AVRL NOW AT RANKING 14
STUDENT student_NVSN NOW AT RANKING 11
STUDENT student_FTRN NOW AT RANKING 36
[Error]Update failed.
STUDENT student_XVSOUU NOW AT RANKING 52
STUDENT student_EGKU NOW AT RANKING 69
[Error]Cannot add student now.
STUDENT student_MF NOW AT RANKING 98
[Error]Update failed.
STUDENT student_UJDSCQB NOW AT RANKING 83
STUDENT student_QIHJXK NOW AT RANKING 10
STUDENT student_UZLNRIX NOW AT RANKING 100
[Error]Query failed.
[Error]Query failed.
STUDENT student_MNECASL NOW AT RANKING 86
STUDENT student_NL NOW AT RANKING 84
STUDENT student_TLRLPY NOW AT RANKING 67
STUDENT student_FULJ NOW AT RANKING 40
STUDENT student_YS NOW AT RANKING 4
[Error]Cannot add student now.
STUDENT student_FQIONNH NOW AT RANKING 22
[Error]Cannot add student now.
STUDENT student_EM NOW AT RANKING 24
[Error]Cannot add student now.
[Error]Update failed.
STUDENT student_FSMKW NOW AT RANKING 8
[Error]Query failed.
STUDENT student_YAMKJ NOW AT RANKING 50
STUDENT student_QCVTVL NOW AT RANKING 15
STUDENT student_KUFBYT NOW AT RANKING 33
STUDENT student_MNK NOW AT RANKING 94
STUDENT student_MKBUW NOW AT RANKING 58
[Error]Update failed.
STUDENT student_QCVTVL NOW AT RANKING 15
STUDENT student_XMUZZXV NOW AT RANKING 75
STUDENT student_OROKMNL NOW AT RANKING 29
STUDENT student_SUI NOW AT RANKING 73
STUDENT student_AZGHC NOW AT RANKING 39
[Error]Cannot add student now.
STUDENT student_ABZGQE NOW AT RANKING 99
STUDENT student_USD NOW AT RANKING 25
STUDENT student_DFPZCC NOW AT RANKING 68
STUDENT student_XVSOUU NOW AT RANKING 52
[Error]Cannot add student now.
STUDENT student_ABZGQE NOW AT RANKING 99
[Error]Update failed.
STUDENT student_OROKMNL NOW AT RANKING 29
STUDENT student_DFPZCC NOW AT RANKING 68
STUDENT student_YS NOW AT RANKING 4
STUDENT student_VU NOW AT RANKING 38
[Error]Update failed.
STUDENT student_TEE NOW AT RANKING 93
STUDENT student_EZYC NOW AT RANKING 90
[Error]Query failed.
[Error]Update failed.
STUDENT student_YHKVZ NOW AT RANKING 65
STUDENT student_JOSJDVO NOW AT RANKING 37
STUDENT student_RQDW NOW AT RANKING 71
STUDENT student_LQHU NOW AT RANKING 6
[Error]Query failed.
STUDENT student_DOCDGAO NOW AT RANKING 88
STUDENT student_JCCGT NOW AT RANKING 3
[Error]Query failed.
STUDENT student_WYRJDKY NOW AT RANKING 46
STUDENT student_OP NOW AT RANKING 51
STUDENT student_YAMKJ NOW AT RANKING 50
STUDENT student_XLNJ NOW AT RANKING 27
[Error]Cannot add student now.
STUDENT student_ZMZDPMW NOW AT RANKING 55
STUDENT student_INYLWO NOW AT RANKING 96
STUDENT student_IRBUX NOW AT RANKING 69
STUDENT student_XVSOUU NOW AT RANKING 83
STUDENT student_LQHU NOW AT RANKING 22
STUDENT student_UKT NOW AT RANKING 21
STUDENT student_AOM NOW AT RANKING 62
STUDENT student_IVFCTA NOW AT RANKING 97
STUDENT student_AOM NOW AT RANKING 62
STUDENT student_JOSJDVO NOW AT RANKING 38
STUDENT student_UKT NOW AT RANKING 21
STUDENT student_FTRN NOW AT RANKING 37
STUDENT student_QV NOW AT RANKING 17
[Error]Update failed.
STUDENT student_XVAQ NOW AT RANKING 43
STUDENT student_MK NOW AT RANKING 64
[Error]Query failed.
[Error]Update failed.
[Error]Cannot add student now.
[Error]Update failed.
[Error]Query failed.
[Error]Update failed.
[Error]Update failed.
[Error]Query failed.
STUDENT student_YDQLRW NOW AT RANKING 85
STUDENT student_FTRN NOW AT RANKING 37
STUDENT student_EGKU NOW AT RANKING 48
STUDENT student_ZMZDPMW NOW AT RANKING 55
[Error]Update failed.
STUDENT student_VSZH NOW AT RANKING 32
STUDENT student_DSBA NOW AT RANKING 34
STUDENT student_USD NOW AT RANKING 24
STUDENT student_BQN NOW AT RANKING 70
STUDENT student_QV NOW AT RANKING 17
STUDENT student_AZGHC NOW AT RANKING 54
STUDENT student_EGKU NOW AT RANKING 48
STUDENT student_SPOKPZE NOW AT RANKING 94
STUDENT student_MNK NOW AT RANKING 93
[Error]Cannot add student now.
STUDENT student_ZMZDPMW NOW AT RANKING 54
STUDENT student_CULLEVC NOW AT RANKING 57
[Error]Query failed.
STUDENT student_AVRL NOW AT RANKING 17
STUDENT student_MNK NOW AT RANKING 93
STUDENT student_JCCGT NOW AT RANKING 4
[Error]Update failed.
[Error]Query failed.
[Error]Query failed.
STUDENT student_ZIOW NOW AT RANKING 46
[Error]Cannot add student now.
[Error]Query failed.
STUDENT student_FULJ NOW AT RANKING 9
STUDENT student_FSMKW NOW AT RANKING 28
STUDENT student_PVDB NOW AT RANKING 70
STUDENT student_RQDW NOW AT RANKING 75
STUDENT student_RNQK NOW AT RANKING 67
STUDENT student_BQN NOW AT RANKING 73
STUDENT student_ZI NOW AT RANKING 77
STUDENT student_MK NOW AT RANKING 62
STUDENT student_QAJZVSX NOW AT RANKING 47
STUDENT student_OP NOW AT RANKING 43
STUDENT student_UK NOW AT RANKING 3
STUDENT student_IVFCTA NOW AT RANKING 96
STUDENT student_EM NOW AT RANKING 45
STUDENT student_DIFURV NOW AT RANKING 6
STUDENT student_EM NOW AT RANKING 45
STUDENT student_ADYH NOW AT RANKING 27
STUDENT student_MF NOW AT RANKING 99
[Error]Cannot add student now.
STUDENT student_JNMSFS NOW AT RANKING 5
STUDENT student_YHKVZ NOW AT RANKING 63
STUDENT student_WFH NOW AT RANKING 38
STUDENT student_TEE NOW AT RANKING 98
STUDENT student_KUFBYT NOW AT RANKING 33
STUDENT student_QJYCNAC NOW AT RANKING 50
STUDENT student_DOCDGAO NOW AT RANKING 86
STUDENT student_NL NOW AT RANKING 79
STUDENT student_WYRJDKY NOW AT RANKING 41
[Error]Query failed.
STUDENT student_ZMZDPMW NOW AT RANKING 54
STUDENT student_MK NOW AT RANKING 62
STUDENT student_QCVTVL NOW AT RANKING 39
STUDENT student_XVAQ NOW AT RANKING 23
STUDENT student_ZXUQX NOW AT RANKING 82
STUDENT student_AWATQIF NOW AT RANKING 61
STUDENT student_QCVTVL NOW AT RANKING 39
STUDENT student_LP NOW AT RANKING 14
STUDENT student_VU NOW AT RANKING 37
STUDENT student_QV NOW AT RANKING 16
STUDENT student_XLNJ NOW AT RANKING 51
STUDENT student_FOXZP NOW AT RANKING 26
[Error]Update failed.
STUDENT student_XVSOUU NOW AT RANKING 72
STUDENT student_KUQLGVC NOW AT RANKING 56
STUDENT student_ATUKUK NOW AT RANKING 44
[Error]Update failed.
[Error]Query failed.
STUDENT student_XVAQ NOW AT RANKING 23
STUDENT student_SUI NOW AT RANKING 76
[Error]Query failed.
STUDENT student_GBEAOH NOW AT RANKING 89
STUDENT student_INYLWO NOW AT RANKING 95
STUDENT student_BAJ NOW AT RANKING 92
STUDENT student_MK NOW AT RANKING 62
STUDENT student_ZIOW NOW AT RANKING 46
STUDENT student_MK NOW AT RANKING 62
STUDENT student_XMUZZXV NOW AT RANKING 83
STUDENT student_VSZH NOW AT RANKING 32
STUDENT student_QJYCNAC NOW AT RANKING 50
STUDENT student_ZI NOW AT RANKING 77
STUDENT student_IGWNTU NOW AT RANKING 55
STUDENT student_SPOKPZE NOW AT RANKING 94
STUDENT student_JOSJDVO NOW AT RANKING 36
STUDENT student_SDYR NOW AT RANKING 18
STUDENT student_KUQLGVC NOW AT RANKING 56
STUDENT student_GMFFN NOW AT RANKING 71
STUDENT student_EZYC NOW AT RANKING 91
STUDENT student_XLNJ NOW AT RANKING 51
STUDENT student_IGWNTU NOW AT RANKING 55
STUDENT student_VU NOW AT RANKING 37
[Error]Query failed.
STUDENT student_BAJ NOW AT RANKING 92
[Error]Cannot add student now.
STUDENT student_JCCGT NOW AT RANKING 4
STUDENT student_DSBA NOW AT RANKING 40
STUDENT student_JCCGT NOW AT RANKING 4
STUDENT student_RZ NOW AT RANKING 10
[Error]Cannot add student now.
STUDENT student_VEKMT NOW AT RANKING 80
[Error]Query failed.
STUDENT student_QCVTVL NOW AT RANKING 39
STUDENT student_INYLWO NOW AT RANKING 95
[Error]Update failed.
STUDENT student_OFJLP NOW AT RANKING 1
[Error]Cannot add student now.
STUDENT student_ADYH NOW AT RANKING 27
[Error]Update failed.
STUDENT student_ZXUQX NOW AT RANKING 82
STUDENT student_GBEAOH NOW AT RANKING 89
STUDENT student_HYE NOW AT RANKING 81
[Error]Update failed.
STUDENT student_PVDB NOW AT RANKING 70
STUDENT student_YAMKJ NOW AT RANKING 8
STUDENT student_BAJ NOW AT RANKING 92
STUDENT student_SPOKPZE NOW AT RANKING 94
[Error]Update failed.
STUDENT student_ZBE NOW AT RANKING 78
[Error]Query failed.
STUDENT student_UZLNRIX NOW AT RANKING 100
STUDENT student_GOUJ NOW AT RANKING 11
STUDENT student_IRBUX NOW AT RANKING 68
STUDENT student_OFJLP NOW AT RANKING 1
STUDENT student_SDYR NOW AT RANKING 18
[Error]Update failed.
[Error]Query failed.
STUDENT student_YDQLRW NOW AT RANKING 85
STUDENT student_OIFG NOW AT RANKING 87
STUDENT student_UJDSCQB NOW AT RANKING 66
STUDENT student_FTRN NOW AT RANKING 35
[Error]Query failed.
STUDENT student_XVSOUU NOW AT RANKING 72
STUDENT student_LQHU NOW AT RANKING 22
STUDENT student_OFJLP NOW AT RANKING 1
STUDENT student_LQHU NOW AT RANKING 22
STUDENT student_TEE NOW AT RANKING 98
[Error]Update failed.
[Error]Query failed.
[Error]Update failed.
STUDENT student_TEE NOW AT RANKING 98
STUDENT student_IVFCTA NOW AT RANKING 96
STUDENT student_EM NOW AT RANKING 45
STUDENT student_XMUZZXV NOW AT RANKING 83
STUDENT student_DOCDGAO NOW AT RANKING 86
STUDENT student_HPWNBP NOW AT RANKING 19
STUDENT student_UK NOW AT RANKING 3
STUDENT student_TEE NOW AT RANKING 98
STUDENT student_QIHJXK NOW AT RANKING 24
STUDENT student_YHKVZ NOW AT RANKING 63
STUDENT student_GBEAOH NOW AT RANKING 89
STUDENT student_USD NOW AT RANKING 25
[Error]Query failed.
STUDENT student_XVAQ NOW AT RANKING 64
STUDENT student_YAMKJ NOW AT RANKING 17
[Error]Query failed.
STUDENT student_QIHJXK NOW AT RANKING 2
[Error]Update failed.
STUDENT student_ZXUQX NOW AT RANKING 67
[Error]Update failed.
[Error]Update failed.
STUDENT student_WFH NOW AT RANKING 12
[Error]Query failed.
STUDENT student_FULJ NOW AT RANKING 7
STUDENT student_IVQ NOW AT RANKING 35
STUDENT student_JNMSFS NOW AT RANKING 47
STUDENT student_KUFBYT NOW AT RANKING 40
STUDENT student_EZYC NOW AT RANKING 99
STUDENT student_FTRN NOW AT RANKING 61
STUDENT student_SUI NOW AT RANKING 80
STUDENT student_BAJ NOW AT RANKING 91
[Error]Cannot add student now.
STUDENT student_ADYH NOW AT RANKING 32
STUDENT student_OROKMNL NOW AT RANKING 30
STUDENT student_BBUFD NOW AT RANKING 10
STUDENT student_VEKMT NOW AT RANKING 63
STUDENT student_OIJ NOW AT RANKING 78
STUDENT student_XMUZZXV NOW AT RANKING 81
[Error]Update failed.
[Error]Update failed.
[Error]Update failed.
[Error]Update failed.
[Error]Update failed.
STUDENT student_WYRJDKY NOW AT RANKING 45
[Error]Cannot add student now.
STUDENT student_VEKMT NOW AT RANKING 63
[Error]Update failed.
STUDENT student_ADYH NOW AT RANKING 32
STUDENT student_RNQK NOW AT RANKING 72
STUDENT student_SDYR NOW AT RANKING 14
STUDENT student_ADYH NOW AT RANKING 32
[Error]Query failed.
STUDENT student_QCVTVL NOW AT RANKING 48
STUDENT student_UHMAAO NOW AT RANKING 42
STUDENT student_XMUZZXV NOW AT RANKING 81
[Error]Update failed.
STUDENT student_EZYC NOW AT RANKING 99
STUDENT student_NVSN NOW AT RANKING 11
STUDENT student_AVRL NOW AT RANKING 21
STUDENT student_HYE NOW AT RANKING 73
STUDENT student_KUFBYT NOW AT RANKING 40
STUDENT student_FQIONNH NOW AT RANKING 24
STUDENT student_HPWNBP NOW AT RANKING 18
STUDENT student_IVQ NOW AT RANKING 35
STUDENT student_HYE NOW AT RANKING 73
STUDENT student_DSBA NOW AT RANKING 20
[Error]Update failed.
[Error]Update failed.
STUDENT student_EM NOW AT RANKING 44
STUDENT student_IGWNTU NOW AT RANKING 58
[Error]Update failed.
STUDENT student_GOUJ NOW AT RANKING 33
[Error]Cannot add student now.
STUDENT student_UHMAAO NOW AT RANKING 42
STUDENT student_EGKU NOW AT RANKING 79
STUDENT student_UK NOW AT RANKING 4
STUDENT student_TLRLPY NOW AT RANKING 88
STUDENT student_FTRN NOW AT RANKING 61
STUDENT student_ZIOW NOW AT RANKING 49
STUDENT student_UHMAAO NOW AT RANKING 42
STUDENT student_UHMAAO NOW AT RANKING 42
[Error]Update failed.
STUDENT student_UKT NOW AT RANKING 23
STUDENT student_FOXZP NOW AT RANKING 31
[Error]Update failed.
STUDENT student_YAMKJ NOW AT RANKING 17
STUDENT student_MK NOW AT RANKING 37
STUDENT student_QAJZVSX NOW AT RANKING 70
STUDENT student_BRKEM NOW AT RANKING 34
STUDENT student_YHKVZ NOW AT RANKING 53
STUDENT student_YS NOW AT RANKING 3
STUDENT student_ECYPT NOW AT RANKING 28
STUDENT student_PVDB NOW AT RANKING 60
STUDENT student_MNECASL NOW AT RANKING 82
[Error]Update failed.
STUDENT student_BBUFD NOW AT RANKING 10
[Error]Query failed.
[Error]Update failed.
STUDENT student_MK NOW AT RANKING 37
STUDENT student_ZIOW NOW AT RANKING 49
[Error]Update failed.
STUDENT student_UZLNRIX NOW AT RANKING 100
STUDENT student_DIFURV NOW AT RANKING 5
STUDENT student_YAMKJ NOW AT RANKING 17
[Error]Query failed.
STUDENT student_MKBUW NOW AT RANKING 77
STUDENT student_TC NOW AT RANKING 29
STUDENT student_ZI NOW AT RANKING 54
STUDENT student_IRBUX NOW AT RANKING 82
STUDENT student_AWATQIF NOW AT RANKING 95
STUDENT student_IVQ NOW AT RANKING 3
STUDENT student_MNK NOW AT RANKING 85
STUDENT student_TC NOW AT RANKING 26
[Error]Update failed.
STUDENT student_FULJ NOW AT RANKING 7
STUDENT student_EGKU NOW AT RANKING 64
STUDENT student_FOXZP NOW AT RANKING 33
STUDENT student_GOUJ NOW AT RANKING 31
STUDENT student_VEKMT NOW AT RANKING 90
STUDENT student_NL NOW AT RANKING 81
STUDENT student_FQIONNH NOW AT RANKING 49
STUDENT student_HYE NOW AT RANKING 76
STUDENT student_TC NOW AT RANKING 26
STUDENT student_MM NOW AT RANKING 93
[Error]Cannot add student now.
STUDENT student_BAJ NOW AT RANKING 92
[Error]Update failed.
STUDENT student_DOCDGAO NOW AT RANKING 86
STUDENT student_MKBUW NOW AT RANKING 83
[Error]Query failed.
STUDENT student_XVSOUU NOW AT RANKING 56
STUDENT student_WYRJDKY NOW AT RANKING 30
STUDENT student_FTRN NOW AT RANKING 59
STUDENT student_ADYH NOW AT RANKING 23
[Error]Cannot add student now.
STUDENT student_SPOKPZE NOW AT RANKING 79
STUDENT student_YAMKJ NOW AT RANKING 20
[Error]Update failed.
[Error]Query failed.
STUDENT student_QJYCNAC NOW AT RANKING 73
STUDENT student_GOUJ NOW AT RANKING 31
STUDENT student_VEKMT NOW AT RANKING 90
STUDENT student_SUI NOW AT RANKING 75
STUDENT student_NVSN NOW AT RANKING 6
STUDENT student_HPWNBP NOW AT RANKING 18
STUDENT student_BBUFD NOW AT RANKING 14
STUDENT student_SPOKPZE NOW AT RANKING 78
STUDENT student_EM NOW AT RANKING 37
STUDENT student_HPWNBP NOW AT RANKING 18
STUDENT student_UZLNRIX NOW AT RANKING 100
STUDENT student_MF NOW AT RANKING 98
[Error]Update failed.
STUDENT student_CCMREF NOW AT RANKING 10
STUDENT student_TEE NOW AT RANKING 96
[Error]Update failed.
STUDENT student_XMUZZXV NOW AT RANKING 45
STUDENT student_AWATQIF NOW AT RANKING 95
[Error]Query failed.
STUDENT student_JCCGT NOW AT RANKING 11
STUDENT student_UZLNRIX NOW AT RANKING 100
STUDENT student_UZLNRIX NOW AT RANKING 100
[Error]Cannot add student now.
STUDENT student_ECYPT NOW AT RANKING 38
STUDENT student_MK NOW AT RANKING 64
[Error]Query failed.
STUDENT student_MKBUW NOW AT RANKING 81
STUDENT student_USD NOW AT RANKING 48
STUDENT student_XVAQ NOW AT RANKING 54
STUDENT student_EZYC NOW AT RANKING 99
STUDENT student_VSZH NOW AT RANKING 35
STUDENT student_VEKMT NOW AT RANKING 91
STUDENT student_FQIONNH NOW AT RANKING 49
STUDENT student_GBEAOH NOW AT RANKING 60
[Error]Query failed.
STUDENT student_SDYR NOW AT RANKING 9
STUDENT student_GBEAOH NOW AT RANKING 60
STUDENT student_MKBUW NOW AT RANKING 81
STUDENT student_VVLDHE NOW AT RANKING 51
STUDENT student_LQHU NOW AT RANKING 6
STUDENT student_YS NOW AT RANKING 2
STUDENT student_UK NOW AT RANKING 3
STUDENT student_YAMKJ NOW AT RANKING 19
STUDENT student_KUFBYT NOW AT RANKING 40
STUDENT student_WFH NOW AT RANKING 17
[Error]Update failed.
STUDENT student_AWATQIF NOW AT RANKING 95
STUDENT student_JCCGT NOW AT RANKING 10
STUDENT student_MKBUW NOW AT RANKING 80
STUDENT student_USD NOW AT RANKING 47
STUDENT student_DOCDGAO NOW AT RANKING 84
STUDENT student_ZI NOW AT RANKING 45
[Error]Query failed.
[Error]Update failed.
[Error]Query failed.
STUDENT student_AZGHC NOW AT RANKING 39
STUDENT student_IGWNTU NOW AT RANKING 57
STUDENT student_EGKU NOW AT RANKING 52
[Error]Update failed.
[Error]Update failed.
STUDENT student_IGWNTU NOW AT RANKING 57
STUDENT student_MF NOW AT RANKING 99
STUDENT student_RQDW NOW AT RANKING 69
STUDENT student_VU NOW AT RANKING 37
STUDENT student_UJDSCQB NOW AT RANKING 32
[Error]Update failed.
STUDENT student_HYE NOW AT RANKING 82
[Error]Update failed.
[Error]Cannot add student now.
STUDENT student_XVSOUU NOW AT RANKING 79
STUDENT student_YAMKJ NOW AT RANKING 19
STUDENT student_ECYPT NOW AT RANKING 36
STUDENT student_BBUFD NOW AT RANKING 12
STUDENT student_XVAQ NOW AT RANKING 51
STUDENT student_MK NOW AT RANKING 63
STUDENT student_ZIOW NOW AT RANKING 61
STUDENT student_PVDB NOW AT RANKING 78
STUDENT student_BRKEM NOW AT RANKING 34
STUDENT student_BQN NOW AT RANKING 85
STUDENT student_ZBE NOW AT RANKING 55
STUDENT student_OFJLP NOW AT RANKING 13
STUDENT student_OFJLP NOW AT RANKING 13
STUDENT student_FTRN NOW AT RANKING 81
[Error]Query failed.
STUDENT student_UHMAAO NOW AT RANKING 23
STUDENT student_INYLWO NOW AT RANKING 88
STUDENT student_EM NOW AT RANKING 35
STUDENT student_MK NOW AT RANKING 63
STUDENT student_VEKMT NOW AT RANKING 91
STUDENT student_ADYH NOW AT RANKING 25
STUDENT student_XVAQ NOW AT RANKING 51
STUDENT student_SPOKPZE NOW AT RANKING 75
STUDENT student_GHQNY NOW AT RANKING 56
[Error]Query failed.
STUDENT student_CCMREF NOW AT RANKING 9
STUDENT student_AOM NOW AT RANKING 65
[Error]Update failed.
[Error]Query failed.
STUDENT student_ZIOW NOW AT RANKING 61
STUDENT student_UZLNRIX NOW AT RANKING 100
STUDENT student_RZ NOW AT RANKING 18
[Error]Query failed.
STUDENT student_QAJZVSX NOW AT RANKING 49
STUDENT student_BAJ NOW AT RANKING 92
[Error]Update failed.
STUDENT student_YHKVZ NOW AT RANKING 66
STUDENT student_ZIOW NOW AT RANKING 61
STUDENT student_BQN NOW AT RANKING 84
STUDENT student_SPOKPZE NOW AT RANKING 73
STUDENT student_SUI NOW AT RANKING 70
STUDENT student_WYRJDKY NOW AT RANKING 31
STUDENT student_FSMKW NOW AT RANKING 52
STUDENT student_LP NOW AT RANKING 1
STUDENT student_BRKEM NOW AT RANKING 37
STUDENT student_MNECASL NOW AT RANKING 90
STUDENT student_RZ NOW AT RANKING 18
[Error]Update failed.
STUDENT student_FOXZP NOW AT RANKING 49
STUDENT student_FTRN NOW AT RANKING 78
STUDENT student_ATUKUK NOW AT RANKING 74
STUDENT student_AZGHC NOW AT RANKING 39
STUDENT student_NVSN NOW AT RANKING 6
[Error]Update failed.
STUDENT student_ECYPT NOW AT RANKING 36
[Error]Query failed.
STUDENT student_JCCGT NOW AT RANKING 3
STUDENT student_MNECASL NOW AT RANKING 90
STUDENT student_LP NOW AT RANKING 1
[Error]Query failed.
STUDENT student_PVDB NOW AT RANKING 76
STUDENT student_IRBUX NOW AT RANKING 72
STUDENT student_ZI NOW AT RANKING 43
[Error]Update failed.
STUDENT student_MM NOW AT RANKING 93
STUDENT student_QAJZVSX NOW AT RANKING 48
STUDENT student_OIJ NOW AT RANKING 79
STUDENT student_KUQLGVC NOW AT RANKING 53
[Error]Update failed.
STUDENT student_FOXZP NOW AT RANKING 49
STUDENT student_OROKMNL NOW AT RANKING 29
STUDENT student_MM NOW AT RANKING 93
STUDENT student_WFH NOW AT RANKING 16
STUDENT student_GBEAOH NOW AT RANKING 77
STUDENT student_MNK NOW AT RANKING 86
STUDENT student_FOXZP NOW AT RANKING 49
STUDENT student_CCMREF NOW AT RANKING 9
STUDENT student_ABZGQE NOW AT RANKING 32
[Error]Cannot add student now.
STUDENT student_MKBUW NOW AT RANKING 91
[Error]Cannot add student now.
[Error]Query failed.
STUDENT student_WYRJDKY NOW AT RANKING 31
STUDENT student_LQHU NOW AT RANKING 5
[Error]Query failed.
[Error]Cannot add student now.
STUDENT student_FQIONNH NOW AT RANKING 61
STUDENT student_QCVTVL NOW AT RANKING 39
STUDENT student_NVSN NOW AT RANKING 8
[Error]Update failed.
[Error]Update failed.
STUDENT student_AZGHC NOW AT RANKING 38
STUDENT student_XMUZZXV NOW AT RANKING 37
[Error]Query failed.
[Error]Update failed.
[Error]Query failed.
STUDENT student_SUI NOW AT RANKING 78
STUDENT student_AVRL NOW AT RANKING 36
STUDENT student_BQN NOW AT RANKING 84
STUDENT student_MKBUW NOW AT RANKING 86
STUDENT student_AVRL NOW AT RANKING 36
STUDENT student_UK NOW AT RANKING 25
STUDENT student_SUI NOW AT RANKING 78
STUDENT student_ZI NOW AT RANKING 43
STUDENT student_UZLNRIX NOW AT RANKING 100
[Error]Update failed.
STUDENT student_AOM NOW AT RANKING 62
STUDENT student_AVRL NOW AT RANKING 36
STUDENT student_YS NOW AT RANKING 4
STUDENT student_OFJLP NOW AT RANKING 11
STUDENT student_UJDSCQB NOW AT RANKING 27
[Error]Update failed.
STUDENT student_RQDW NOW AT RANKING 65
STUDENT student_USD NOW AT RANKING 47
STUDENT student_EM NOW AT RANKING 22
STUDENT student_KUQLGVC NOW AT RANKING 51
STUDENT student_DDNDC NOW AT RANKING 79
STUDENT student_MNK NOW AT RANKING 99
[Error]Query failed.
STUDENT student_ABZGQE NOW AT RANKING 40
STUDENT student_EZYC NOW AT RANKING 95
STUDENT student_SDYR NOW AT RANKING 2
[Error]Query failed.
[Error]Cannot add student now.
STUDENT student_ZXUQX NOW AT RANKING 50
[Error]Query failed.
STUDENT student_ADYH NOW AT RANKING 26
[Error]Update failed.
[Error]Update failed.
STUDENT student_AZGHC NOW AT RANKING 37
[Error]Query failed.
[Error]Update failed.
[Error]Update failed.
STUDENT student_BBUFD NOW AT RANKING 21
STUDENT student_EGKU NOW AT RANKING 62
STUDENT student_ABZGQE NOW AT RANKING 40
STUDENT student_ZMZDPMW NOW AT RANKING 19
STUDENT student_MNECASL NOW AT RANKING 76
[Error]Update failed.
STUDENT student_AVRL NOW AT RANKING 36
STUDENT student_JCCGT NOW AT RANKING 4
[Error]Cannot add student now.
[Error]Query failed.
STUDENT student_YDQLRW NOW AT RANKING 98
STUDENT student_GBEAOH NOW AT RANKING 75
STUDENT student_YDQLRW NOW AT RANKING 98
[Error]Update failed.
STUDENT student_FSMKW NOW AT RANKING 42
STUDENT student_AZGHC NOW AT RANKING 37
STUDENT student_BBUFD NOW AT RANKING 21
STUDENT student_USD NOW AT RANKING 47
STUDENT student_IVQ NOW AT RANKING 14
STUDENT student_DDNDC NOW AT RANKING 79
STUDENT student_NVSN NOW AT RANKING 6
[Error]Query failed.
STUDENT student_NL NOW AT RANKING 71
STUDENT student_JNMSFS NOW AT RANKING 32
STUDENT student_KUQLGVC NOW AT RANKING 51
[Error]Query failed.
STUDENT student_GMFFN NOW AT RANKING 74
STUDENT student_AVRL NOW AT RANKING 36
STUDENT student_NL NOW AT RANKING 71
STUDENT student_AOM NOW AT RANKING 61
[Error]Query failed.
STUDENT student_RZ NOW AT RANKING 44
STUDENT student_LP NOW AT RANKING 1
[Error]Cannot add student now.
STUDENT student_ADYH NOW AT RANKING 26
[Error]Query failed.
STUDENT student_DFPZCC NOW AT RANKING 17
STUDENT student_VEKMT NOW AT RANKING 93
STUDENT student_ZMZDPMW NOW AT RANKING 19
STUDENT student_ECYPT NOW AT RANKING 33
[Error]Query failed.
STUDENT student_UJDSCQB NOW AT RANKING 27
STUDENT student_MK NOW AT RANKING 60
STUDENT student_IRBUX NOW AT RANKING 69
[Error]Query failed.
STUDENT student_ZBE NOW AT RANKING 87
STUDENT student_LQHU NOW AT RANKING 5
STUDENT student_TLRLPY NOW AT RANKING 92
STUDENT student_MF NOW AT RANKING 97
STUDENT student_TLRLPY NOW AT RANKING 92
STUDENT student_EGKU NOW AT RANKING 62
STUDENT student_LQHU NOW AT RANKING 5
STUDENT student_UKT NOW AT RANKING 18
STUDENT student_QV NOW AT RANKING 68
STUDENT student_UYT NOW AT RANKING 57
STUDENT student_ATUKUK NOW AT RANKING 70
STUDENT student_DSBA NOW AT RANKING 95
STUDENT student_ZBE NOW AT RANKING 99
[Error]Cannot add student now.
STUDENT student_OIJ NOW AT RANKING 82
STUDENT student_NL NOW AT RANKING 70
STUDENT student_HPWNBP NOW AT RANKING 19
STUDENT student_MNK NOW AT RANKING 91
[Error]Update failed.
STUDENT student_FTRN NOW AT RANKING 79
STUDENT student_EGKU NOW AT RANKING 62
STUDENT student_JNMSFS NOW AT RANKING 33
STUDENT student_VVLDHE NOW AT RANKING 59
STUDENT student_OIJ NOW AT RANKING 82
STUDENT student_WFH NOW AT RANKING 12
STUDENT student_VEKMT NOW AT RANKING 94
[Error]Query failed.
STUDENT student_QV NOW AT RANKING 92
STUDENT student_XVSOUU NOW AT RANKING 57
STUDENT student_IRBUX NOW AT RANKING 62
STUDENT student_KUQLGVC NOW AT RANKING 47
STUDENT student_ZXUQX NOW AT RANKING 51
STUDENT student_HPWNBP NOW AT RANKING 19
STUDENT student_IVQ NOW AT RANKING 5
STUDENT student_IGWNTU NOW AT RANKING 89
STUDENT student_RQDW NOW AT RANKING 64
STUDENT student_VU NOW AT RANKING 49
STUDENT student_IGWNTU NOW AT RANKING 89
STUDENT student_YDQLRW NOW AT RANKING 86
STUDENT student_CULLEVC NOW AT RANKING 27
[Error]Cannot add student now.
STUDENT student_EZYC NOW AT RANKING 100
[Error]Query failed.
STUDENT student_ADYH NOW AT RANKING 25
STUDENT student_OFJLP NOW AT RANKING 11
[Error]Query failed.
STUDENT student_KUFBYT NOW AT RANKING 56
STUDENT student_OROKMNL NOW AT RANKING 52
STUDENT student_NL NOW AT RANKING 70
STUDENT student_YS NOW AT RANKING 3
STUDENT student_RZ NOW AT RANKING 43
STUDENT student_BAJ NOW AT RANKING 61
[Error]Update failed.
STUDENT student_UJDSCQB NOW AT RANKING 48
[Error]Update failed.
STUDENT student_JCCGT NOW AT RANKING 4
STUDENT student_VU NOW AT RANKING 49
STUDENT student_YDQLRW NOW AT RANKING 86
[Error]Cannot add student now.
STUDENT student_OIFG NOW AT RANKING 90
STUDENT student_ZXUQX NOW AT RANKING 51
[Error]Cannot add student now.
STUDENT student_ZXUQX NOW AT RANKING 51
[Error]Update failed.
STUDENT student_RNQK NOW AT RANKING 22
STUDENT student_FQIONNH NOW AT RANKING 58
[Error]Query failed.
[Error]Update failed.
STUDENT student_UK NOW AT RANKING 24
STUDENT student_CULLEVC NOW AT RANKING 27
STUDENT student_NL NOW AT RANKING 70
STUDENT student_UYT NOW AT RANKING 59
[Error]Cannot add student now.
STUDENT student_NVSN NOW AT RANKING 7
[Error]Query failed.
STUDENT student_SUI NOW AT RANKING 65
STUDENT student_MKBUW NOW AT RANKING 88
STUDENT student_AOM NOW AT RANKING 35
STUDENT student_AOM NOW AT RANKING 35
STUDENT student_GOUJ NOW AT RANKING 36
STUDENT student_CULLEVC NOW AT RANKING 27
STUDENT student_CULLEVC NOW AT RANKING 23
STUDENT student_YS NOW AT RANKING 3
STUDENT student_YAMKJ NOW AT RANKING 15
[Error]Cannot add student now.
STUDENT student_BRKEM NOW AT RANKING 34
STUDENT student_INYLWO NOW AT RANKING 84
STUDENT student_ECYPT NOW AT RANKING 43
STUDENT student_OROKMNL NOW AT RANKING 51
STUDENT student_QCVTVL NOW AT RANKING 38
STUDENT student_ABZGQE NOW AT RANKING 28
STUDENT student_KUQLGVC NOW AT RANKING 46
STUDENT student_VVLDHE NOW AT RANKING 58
STUDENT student_UJDSCQB NOW AT RANKING 47
STUDENT student_SUI NOW AT RANKING 63
STUDENT student_KUFBYT NOW AT RANKING 56
STUDENT student_DOCDGAO NOW AT RANKING 64
STUDENT student_OFJLP NOW AT RANKING 10
STUDENT student_UYT NOW AT RANKING 57
STUDENT student_PVDB NOW AT RANKING 96
STUDENT student_RNQK NOW AT RANKING 25
[Error]Query failed.
STUDENT student_CULLEVC NOW AT RANKING 23
STUDENT student_SUI NOW AT RANKING 63
STUDENT student_EGKU NOW AT RANKING 55
STUDENT student_OIJ NOW AT RANKING 68
STUDENT student_KUQLGVC NOW AT RANKING 46
STUDENT student_JCCGT NOW AT RANKING 4
STUDENT student_OP NOW AT RANKING 20
[Error]Update failed.
STUDENT student_FQIONNH NOW AT RANKING 41
STUDENT student_ZXUQX NOW AT RANKING 59
STUDENT student_NVSN NOW AT RANKING 8
STUDENT student_VVLDHE NOW AT RANKING 58
[Error]Update failed.
[Error]Query failed.
STUDENT student_EM NOW AT RANKING 40
STUDENT student_UJDSCQB NOW AT RANKING 47
STUDENT student_BQN NOW AT RANKING 86
STUDENT student_EM NOW AT RANKING 40
[Error]Query failed.
STUDENT student_HPWNBP NOW AT RANKING 26
STUDENT student_ZIOW NOW AT RANKING 73
[Error]Update failed.
STUDENT student_USD NOW AT RANKING 30
STUDENT student_FSMKW NOW AT RANKING 50
STUDENT student_GMFFN NOW AT RANKING 75
STUDENT student_OIJ NOW AT RANKING 68
[Error]Update failed.
STUDENT student_FSMKW NOW AT RANKING 50
STUDENT student_INYLWO NOW AT RANKING 84
STUDENT student_ADYH NOW AT RANKING 22
STUDENT student_CULLEVC NOW AT RANKING 23
STUDENT student_IVQ NOW AT RANKING 6
[Error]Update failed.
STUDENT student_XLNJ NOW AT RANKING 45
STUDENT student_ABZGQE NOW AT RANKING 28
STUDENT student_KUFBYT NOW AT RANKING 56
STUDENT student_QJYCNAC NOW AT RANKING 93
STUDENT student_ZIOW NOW AT RANKING 73
STUDENT student_HYE NOW AT RANKING 79
STUDENT student_USD NOW AT RANKING 30
STUDENT student_UYT NOW AT RANKING 57
STUDENT student_OP NOW AT RANKING 20
STUDENT student_MF NOW AT RANKING 85
[Error]Query failed.
STUDENT student_JCCGT NOW AT RANKING 4
STUDENT student_ZBE NOW AT RANKING 99
[Error]Query failed.
STUDENT student_QIHJXK NOW AT RANKING 19
STUDENT student_UZLNRIX NOW AT RANKING 98
[Error]Query failed.
STUDENT student_QV NOW AT RANKING 83
STUDENT student_QAJZVSX NOW AT RANKING 44
STUDENT student_TLRLPY NOW AT RANKING 94
STUDENT student_FTRN NOW AT RANKING 80
STUDENT student_DIFURV NOW AT RANKING 5
STUDENT student_XVAQ NOW AT RANKING 72
STUDENT student_XMUZZXV NOW AT RANKING 24
STUDENT student_UZLNRIX NOW AT RANKING 98
STUDENT student_UZLNRIX NOW AT RANKING 98
STUDENT student_FQIONNH NOW AT RANKING 41
[Error]Update failed.
STUDENT student_MNECASL NOW AT RANKING 77
STUDENT student_AVRL NOW AT RANKING 14
STUDENT student_UZLNRIX NOW AT RANKING 98
STUDENT student_TC NOW AT RANKING 27
[Error]Query failed.
STUDENT student_HYE NOW AT RANKING 79
STUDENT student_BBUFD NOW AT RANKING 13
STUDENT student_QCVTVL NOW AT RANKING 38
STUDENT student_WFH NOW AT RANKING 7
[Error]Query failed.
STUDENT student_KUFBYT NOW AT RANKING 56
STUDENT student_XVSOUU NOW AT RANKING 65
STUDENT student_YDQLRW NOW AT RANKING 87
STUDENT student_ZMZDPMW NOW AT RANKING 11
STUDENT student_OFJLP NOW AT RANKING 10
STUDENT student_QAJZVSX NOW AT RANKING 44
STUDENT student_TC NOW AT RANKING 27
STUDENT student_BBUFD NOW AT RANKING 7
[Error]Cannot add student now.
[Error]Cannot add student now.
STUDENT student_EZYC NOW AT RANKING 100
STUDENT student_ZI NOW AT RANKING 36
STUDENT student_SUI NOW AT RANKING 69
STUDENT student_JNMSFS NOW AT RANKING 55
STUDENT student_SPOKPZE NOW AT RANKING 75
STUDENT student_HYE NOW AT RANKING 93
[Error]Update failed.
STUDENT student_ZXUQX NOW AT RANKING 34
STUDENT student_RZ NOW AT RANKING 41
[Error]Update failed.
STUDENT student_VEKMT NOW AT RANKING 59
STUDENT student_VU NOW AT RANKING 43
STUDENT student_HPWNBP NOW AT RANKING 19
STUDENT student_DDNDC NOW AT RANKING 67
STUDENT student_AZGHC NOW AT RANKING 78
STUDENT student_TC NOW AT RANKING 20
[Error]Update failed.
STUDENT student_ZMZDPMW NOW AT RANKING 6
STUDENT student_JNMSFS NOW AT RANKING 55
STUDENT student_SDYR NOW AT RANKING 1
STUDENT student_DFPZCC NOW AT RANKING 33
[Error]Update failed.
STUDENT student_DDNDC NOW AT RANKING 67
STUDENT student_FQIONNH NOW AT RANKING 70
STUDENT student_VEKMT NOW AT RANKING 59
[Error]Cannot add student now.
STUDENT student_ZIOW NOW AT RANKING 64
STUDENT student_RZ NOW AT RANKING 41
STUDENT student_NVSN NOW AT RANKING 12
STUDENT student_UJDSCQB NOW AT RANKING 50
STUDENT student_GBEAOH NOW AT RANKING 72
STUDENT student_OP NOW AT RANKING 40
STUDENT student_UKT NOW AT RANKING 9
[Error]Query failed.
STUDENT student_MF NOW AT RANKING 85
STUDENT student_YAMKJ NOW AT RANKING 32
STUDENT student_DSBA NOW AT RANKING 89
STUDENT student_RQDW NOW AT RANKING 68
STUDENT student_ZMZDPMW NOW AT RANKING 6
STUDENT student_YDQLRW NOW AT RANKING 84
STUDENT student_XLNJ NOW AT RANKING 46
[Error]Cannot add student now.
[Error]Query failed.
STUDENT student_FSMKW NOW AT RANKING 52
STUDENT student_UKT NOW AT RANKING 9
[Error]Cannot add student now.
[Error]Update failed.
STUDENT student_OIFG NOW AT RANKING 83
[Error]Update failed.
STUDENT student_PVDB NOW AT RANKING 93
STUDENT student_DSBA NOW AT RANKING 74
STUDENT student_OIFG NOW AT RANKING 83
[Error]Cannot add student now.
[Error]Query failed.
[Error]Query failed.
[Error]Query failed.
STUDENT student_UJDSCQB NOW AT RANKING 46
STUDENT student_ATUKUK NOW AT RANKING 54
STUDENT student_CULLEVC NOW AT RANKING 15
STUDENT student_KUQLGVC NOW AT RANKING 32
STUDENT student_AWATQIF NOW AT RANKING 88
STUDENT student_AOM NOW AT RANKING 31
STUDENT student_ZI NOW AT RANKING 53
STUDENT student_CCMREF NOW AT RANKING 20
STUDENT student_PVDB NOW AT RANKING 93
[Error]Cannot add student now.
STUDENT student_YAMKJ NOW AT RANKING 16
STUDENT student_RNQK NOW AT RANKING 24
STUDENT student_RQDW NOW AT RANKING 49
STUDENT student_AZGHC NOW AT RANKING 76
STUDENT student_GHQNY NOW AT RANKING 35
STUDENT student_OIFG NOW AT RANKING 83
[Error]Update failed.
STUDENT student_AZGHC NOW AT RANKING 76
STUDENT student_YS NOW AT RANKING 1
STUDENT student_QCVTVL NOW AT RANKING 33
STUDENT student_SIIU NOW AT RANKING 94
STUDENT student_BRKEM NOW AT RANKING 29
STUDENT student_WYRJDKY NOW AT RANKING 64
STUDENT student_UYT NOW AT RANKING 60
[Error]Update failed.
[Error]Update failed.
[Error]Query failed.
STUDENT student_GOUJ NOW AT RANKING 25
STUDENT student_UK NOW AT RANKING 28
STUDENT student_DOCDGAO NOW AT RANKING 77
STUDENT student_VSZH NOW AT RANKING 27
STUDENT student_WYRJDKY NOW AT RANKING 64
STUDENT student_ZBE NOW AT RANKING 97
[Error]Cannot add student now.
STUDENT student_UK NOW AT RANKING 28
STUDENT student_IRBUX NOW AT RANKING 45
[Error]Query failed.
[Error]Update failed.
[Error]Update failed.
STUDENT student_GBEAOH NOW AT RANKING 87
STUDENT student_TEE NOW AT RANKING 72
STUDENT student_QIHJXK NOW AT RANKING 13
STUDENT student_FOXZP NOW AT RANKING 48
[Error]Cannot add student now.
STUDENT student_JNMSFS NOW AT RANKING 56
STUDENT student_QV NOW AT RANKING 90
STUDENT student_BQN NOW AT RANKING 99
STUDENT student_ADYH NOW AT RANKING 30
[Error]Cannot add student now.
[Error]Query failed.
STUDENT student_YDQLRW NOW AT RANKING 71
STUDENT student_UK NOW AT RANKING 28
STUDENT student_IVQ NOW AT RANKING 3
STUDENT student_ATUKUK NOW AT RANKING 54
STUDENT student_EGKU NOW AT RANKING 57
STUDENT student_BQN NOW AT RANKING 99
STUDENT student_QAJZVSX NOW AT RANKING 42
STUDENT student_AWATQIF NOW AT RANKING 88
STUDENT student_ATUKUK NOW AT RANKING 54
[Error]Query failed.
[Error]Query failed.
STUDENT student_EZYC NOW AT RANKING 100
STUDENT student_LQHU NOW AT RANKING 82
STUDENT student_OFJLP NOW AT RANKING 23
STUDENT student_ECYPT NOW AT RANKING 22
[Error]Cannot add student now.
[Error]Cannot add student now.
STUDENT student_VSZH NOW AT RANKING 27
STUDENT student_CULLEVC NOW AT RANKING 15
STUDENT student_IVFCTA NOW AT RANKING 84
STUDENT student_SIIU NOW AT RANKING 94
STUDENT student_TEE NOW AT RANKING 81
STUDENT student_QCVTVL NOW AT RANKING 12
[Error]Cannot add student now.
[Error]Update failed.
STUDENT student_ATUKUK NOW AT RANKING 51
STUDENT student_HYE NOW AT RANKING 89
STUDENT student_MF NOW AT RANKING 72
[Error]Cannot add student now.
STUDENT student_EZYC NOW AT RANKING 98
STUDENT student_HYE NOW AT RANKING 89
STUDENT student_FTRN NOW AT RANKING 80
STUDENT student_YAMKJ NOW AT RANKING 18
STUDENT student_BQN NOW AT RANKING 99
STUDENT student_OROKMNL NOW AT RANKING 49
[Error]Cannot add student now.
STUDENT student_TLRLPY NOW AT RANKING 93
STUDENT student_ADYH NOW AT RANKING 22
STUDENT student_UJDSCQB NOW AT RANKING 44
STUDENT student_HYE NOW AT RANKING 89
STUDENT student_XLNJ NOW AT RANKING 42
STUDENT student_UK NOW AT RANKING 32
STUDENT student_ATUKUK NOW AT RANKING 51
STUDENT student_SDYR NOW AT RANKING 4
STUDENT student_ABZGQE NOW AT RANKING 74
STUDENT student_UZLNRIX NOW AT RANKING 84
[Error]Update failed.
[Error]Cannot add student now.
STUDENT student_UKT NOW AT RANKING 9
STUDENT student_GMFFN NOW AT RANKING 85
STUDENT student_FTRN NOW AT RANKING 80
STUDENT student_EGKU NOW AT RANKING 57
STUDENT student_IVFCTA NOW AT RANKING 82
STUDENT student_EM NOW AT RANKING 38
STUDENT student_PVDB NOW AT RANKING 94
[Error]Query failed.
STUDENT student_SPOKPZE NOW AT RANKING 59
STUDENT student_QAJZVSX NOW AT RANKING 66
STUDENT student_IGWNTU NOW AT RANKING 91
STUDENT student_YS NOW AT RANKING 1
STUDENT student_YS NOW AT RANKING 1
STUDENT student_IRBUX NOW AT RANKING 43
STUDENT student_MNECASL NOW AT RANKING 97
STUDENT student_ZMZDPMW NOW AT RANKING 27
[Error]Update failed.
STUDENT student_OIFG NOW AT RANKING 73
STUDENT student_ZXUQX NOW AT RANKING 52
STUDENT student_ZIOW NOW AT RANKING 61
STUDENT student_XVAQ NOW AT RANKING 79
[Error]Cannot add student now.
[Error]Update failed.
STUDENT student_EZYC NOW AT RANKING 98
STUDENT student_PVDB NOW AT RANKING 94
STUDENT student_OROKMNL NOW AT RANKING 49
STUDENT student_EGKU NOW AT RANKING 57
STUDENT student_ECYPT NOW AT RANKING 31
[Error]Query failed.
STUDENT student_KUFBYT NOW AT RANKING 15
[Error]Query failed.
STUDENT student_DIFURV NOW AT RANKING 24
STUDENT student_GBEAOH NOW AT RANKING 63
[Error]Update failed.
STUDENT student_ZI NOW AT RANKING 33
STUDENT student_BRKEM NOW AT RANKING 20
STUDENT student_ZI NOW AT RANKING 33
[Error]Update failed.
STUDENT student_MF NOW AT RANKING 72
STUDENT student_MK NOW AT RANKING 42
STUDENT student_WFH NOW AT RANKING 12
STUDENT student_GMFFN NOW AT RANKING 85
STUDENT student_GOUJ NOW AT RANKING 22
[Error]Update failed.
STUDENT student_ZMZDPMW NOW AT RANKING 23
STUDENT student_OP NOW AT RANKING 41
STUDENT student_YS NOW AT RANKING 1
STUDENT student_VVLDHE NOW AT RANKING 27
STUDENT student_YS NOW AT RANKING 1
STUDENT student_YS NOW AT RANKING 1
STUDENT student_RNQK NOW AT RANKING 35
STUDENT student_ZMZDPMW NOW AT RANKING 23
STUDENT student_ADYH NOW AT RANKING 46
[Error]Update failed.
STUDENT student_XMUZZXV NOW AT RANKING 55
[Error]Update failed.
[Error]Query failed.
STUDENT student_XVSOUU NOW AT RANKING 80
STUDENT student_ZBE NOW AT RANKING 99
[Error]Cannot add student now.
STUDENT student_GMFFN NOW AT RANKING 85
[Error]Cannot add student now.
[Error]Update failed.
[Error]Cannot add student now.
STUDENT student_MNK NOW AT RANKING 54
STUDENT student_TLRLPY NOW AT RANKING 91
STUDENT student_IRBUX NOW AT RANKING 45
STUDENT student_GOUJ NOW AT RANKING 22
STUDENT student_ADYH NOW AT RANKING 46
STUDENT student_GBEAOH NOW AT RANKING 63
[Error]Update failed.
[Error]Update failed.
[Error]Cannot add student now.
STUDENT student_DOCDGAO NOW AT RANKING 49
STUDENT student_OP NOW AT RANKING 41
[Error]Cannot add student now.
[Error]Update failed.
STUDENT student_SUI NOW AT RANKING 89
STUDENT student_IRBUX NOW AT RANKING 45
STUDENT student_EM NOW AT RANKING 39
[Error]Update failed.
STUDENT student_AZGHC NOW AT RANKING 86
STUDENT student_QIHJXK NOW AT RANKING 11
STUDENT student_ATUKUK NOW AT RANKING 53
STUDENT student_EZYC NOW AT RANKING 100
STUDENT student_BAJ NOW AT RANKING 65
STUDENT student_OIJ NOW AT RANKING 57
STUDENT student_BQN NOW AT RANKING 98
STUDENT student_OP NOW AT RANKING 41
STUDENT student_LQHU NOW AT RANKING 70
STUDENT student_MM NOW AT RANKING 94
[Error]Update failed.
STUDENT student_BQN NOW AT RANKING 98
[Error]Query failed.
[Error]Query failed.
STUDENT student_QIHJXK NOW AT RANKING 11
STUDENT student_ADYH NOW AT RANKING 46
STUDENT student_IVQ NOW AT RANKING 10
[Error]Update failed.
STUDENT student_EGKU NOW AT RANKING 58
[Error]Query failed.
[Error]Cannot add student now.
[Error]Update failed.
[Error]Update failed.
STUDENT student_QIHJXK NOW AT RANKING 11
STUDENT student_HYE NOW AT RANKING 88
[Error]Update failed.
STUDENT student_XVAQ NOW AT RANKING 93
STUDENT student_CCMREF NOW AT RANKING 28
STUDENT student_LQHU NOW AT RANKING 70
STUDENT student_QAJZVSX NOW AT RANKING 96
STUDENT student_MNECASL NOW AT RANKING 97
STUDENT student_WFH NOW AT RANKING 12
STUDENT student_ABZGQE NOW AT RANKING 74
[Error]Query failed.
STUDENT student_VSZH NOW AT RANKING 77
STUDENT student_USD NOW AT RANKING 71
STUDENT student_ZXUQX NOW AT RANKING 44
STUDENT student_ZXUQX NOW AT RANKING 44
STUDENT student_ADYH NOW AT RANKING 46
STUDENT student_NL NOW AT RANKING 76
[Error]Query failed.
STUDENT student_GHQNY NOW AT RANKING 36
STUDENT student_IRBUX NOW AT RANKING 45
STUDENT student_BRKEM NOW AT RANKING 20
[Error]Query failed.
STUDENT student_EGKU NOW AT RANKING 58
STUDENT student_SUI NOW AT RANKING 89
STUDENT student_ZBE NOW AT RANKING 99
[Error]Update failed.
STUDENT student_MM NOW AT RANKING 94
STUDENT student_IVFCTA NOW AT RANKING 81
[Error]Update failed.
[Error]Query failed.
STUDENT student_AZGHC NOW AT RANKING 86
STUDENT student_KUFBYT NOW AT RANKING 15
STUDENT student_UK NOW AT RANKING 32
STUDENT student_RQDW NOW AT RANKING 48
STUDENT student_KUFBYT NOW AT RANKING 15
STUDENT student_YS NOW AT RANKING 1
STUDENT student_OP NOW AT RANKING 41
STUDENT student_KUFBYT NOW AT RANKING 15
STUDENT student_UK NOW AT RANKING 32
STUDENT student_BBUFD NOW AT RANKING 7
STUDENT student_USD NOW AT RANKING 86
STUDENT student_ECYPT NOW AT RANKING 60
STUDENT student_ZIOW NOW AT RANKING 75
[Error]Query failed.
STUDENT student_EGKU NOW AT RANKING 59
STUDENT student_GOUJ NOW AT RANKING 33
STUDENT student_AZGHC NOW AT RANKING 57
STUDENT student_VU NOW AT RANKING 55
STUDENT student_CULLEVC NOW AT RANKING 52
STUDENT student_RZ NOW AT RANKING 24
STUDENT student_EM NOW AT RANKING 25
STUDENT student_DOCDGAO NOW AT RANKING 50
STUDENT student_BQN NOW AT RANKING 97
STUDENT student_USD NOW AT RANKING 86
[Error]Update failed.
STUDENT student_FQIONNH NOW AT RANKING 20
STUDENT student_QIHJXK NOW AT RANKING 13
STUDENT student_QV NOW AT RANKING 84
STUDENT student_FOXZP NOW AT RANKING 26
STUDENT student_UHMAAO NOW AT RANKING 43
STUDENT student_GHQNY NOW AT RANKING 15
STUDENT student_MM NOW AT RANKING 80
STUDENT student_AOM NOW AT RANKING 61
STUDENT student_AZGHC NOW AT RANKING 57
STUDENT student_IGWNTU NOW AT RANKING 93
STUDENT student_MM NOW AT RANKING 80
STUDENT student_CCMREF NOW AT RANKING 39
[Error]Update failed.
[Error]Query failed.
STUDENT student_UK NOW AT RANKING 29
[Error]Query failed.
STUDENT student_IVFCTA NOW AT RANKING 90
STUDENT student_QAJZVSX NOW AT RANKING 70
STUDENT student_FTRN NOW AT RANKING 77
STUDENT student_SIIU NOW AT RANKING 83
[Error]Query failed.
STUDENT student_RNQK NOW AT RANKING 32
STUDENT student_UK NOW AT RANKING 29
STUDENT student_SPOKPZE NOW AT RANKING 63
STUDENT student_GBEAOH NOW AT RANKING 38
STUDENT student_YDQLRW NOW AT RANKING 82
STUDENT student_MF NOW AT RANKING 37
STUDENT student_FQIONNH NOW AT RANKING 20
STUDENT student_EM NOW AT RANKING 25
STUDENT student_JNMSFS NOW AT RANKING 7
STUDENT student_OP NOW AT RANKING 36
STUDENT student_EGKU NOW AT RANKING 59
STUDENT student_AVRL NOW AT RANKING 64
STUDENT student_AOM NOW AT RANKING 61
STUDENT student_SIIU NOW AT RANKING 83
[Error]Query failed.
STUDENT student_UYT NOW AT RANKING 27
STUDENT student_ABZGQE NOW AT RANKING 69
STUDENT student_WFH NOW AT RANKING 9
STUDENT student_IRBUX NOW AT RANKING 64
[Error]Query failed.
STUDENT student_VVLDHE NOW AT RANKING 18
STUDENT student_ADYH NOW AT RANKING 71
[Error]Query failed.
STUDENT student_EM NOW AT RANKING 25
STUDENT student_DFPZCC NOW AT RANKING 32
STUDENT student_NVSN NOW AT RANKING 19
STUDENT student_FULJ NOW AT RANKING 40
STUDENT student_CULLEVC NOW AT RANKING 67
[Error]Update failed.
STUDENT student_RZ NOW AT RANKING 24
STUDENT student_EM NOW AT RANKING 25
STUDENT student_WFH NOW AT RANKING 9
STUDENT student_MK NOW AT RANKING 49
STUDENT student_JNMSFS NOW AT RANKING 7
STUDENT student_ZMZDPMW NOW AT RANKING 14
[Error]Update failed.
STUDENT student_MF NOW AT RANKING 28
STUDENT student_BQN NOW AT RANKING 92
STUDENT student_RQDW NOW AT RANKING 45
STUDENT student_QCVTVL NOW AT RANKING 4
STUDENT student_NL NOW AT RANKING 77
STUDENT student_BQN NOW AT RANKING 92
STUDENT student_KUFBYT NOW AT RANKING 17
STUDENT student_OFJLP NOW AT RANKING 22
[Error]Cannot add student now.
[Error]Update failed.
STUDENT student_FULJ NOW AT RANKING 40
STUDENT student_KUFBYT NOW AT RANKING 17
STUDENT student_IRBUX NOW AT RANKING 64
STUDENT student_GMFFN NOW AT RANKING 93
[Error]Update failed.
STUDENT student_NVSN NOW AT RANKING 19
STUDENT student_LQHU NOW AT RANKING 75
STUDENT student_UK NOW AT RANKING 30
[Error]Query failed.
[Error]Update failed.
STUDENT student_LP NOW AT RANKING 1
STUDENT student_FOXZP NOW AT RANKING 26
STUDENT student_UK NOW AT RANKING 30
STUDENT student_LP NOW AT RANKING 1
STUDENT student_DSBA NOW AT RANKING 96
STUDENT student_ZMZDPMW NOW AT RANKING 14
[Error]Update failed.
[Error]Cannot add student now.
STUDENT student_VSZH NOW AT RANKING 55
STUDENT student_MKBUW NOW AT RANKING 87
STUDENT student_TC NOW AT RANKING 23
[Error]Query failed.
STUDENT student_YAMKJ NOW AT RANKING 36
STUDENT student_LP NOW AT RANKING 1
[Error]Update failed.
STUDENT student_QIHJXK NOW AT RANKING 13
[Error]Query failed.
[Error]Query failed.
STUDENT student_QIHJXK NOW AT RANKING 13
STUDENT student_TLRLPY NOW AT RANKING 78
STUDENT student_XMUZZXV NOW AT RANKING 53
STUDENT student_ECYPT NOW AT RANKING 57
STUDENT student_XVSOUU NOW AT RANKING 85
STUDENT student_GBEAOH NOW AT RANKING 38
STUDENT student_RNQK NOW AT RANKING 33
STUDENT student_PVDB NOW AT RANKING 98
[Error]Cannot add student now.
STUDENT student_RZ NOW AT RANKING 24
STUDENT student_IGWNTU NOW AT RANKING 91
STUDENT student_XVSOUU NOW AT RANKING 85
STUDENT student_QAJZVSX NOW AT RANKING 70
STUDENT student_JOSJDVO NOW AT RANKING 29
STUDENT student_FSMKW NOW AT RANKING 47
[Error]Update failed.
STUDENT student_FOXZP NOW AT RANKING 26
[Error]Update failed.
STUDENT student_FOXZP NOW AT RANKING 26
STUDENT student_CCMREF NOW AT RANKING 39
STUDENT student_TC NOW AT RANKING 23
STUDENT student_CULLEVC NOW AT RANKING 67
[Error]Update failed.
[Error]Update failed.
STUDENT student_MM NOW AT RANKING 81
STUDENT student_RQDW NOW AT RANKING 45
[Error]Query failed.
STUDENT student_HPWNBP NOW AT RANKING 11
STUDENT student_DDNDC NOW AT RANKING 66
STUDENT student_GOUJ NOW AT RANKING 34
STUDENT student_IVFCTA NOW AT RANKING 89
STUDENT student_DFPZCC NOW AT RANKING 32
[Error]Query failed.
STUDENT student_ABZGQE NOW AT RANKING 69
STUDENT student_QIHJXK NOW AT RANKING 13
[Error]Cannot add student now.
STUDENT student_TC NOW AT RANKING 23
STUDENT student_TC NOW AT RANKING 23
STUDENT student_NL NOW AT RANKING 67
STUDENT student_OP NOW AT RANKING 45
[Error]Update failed.
STUDENT student_UKT NOW AT RANKING 6
STUDENT student_ZI NOW AT RANKING 19
STUDENT student_UYT NOW AT RANKING 27
STUDENT student_SDYR NOW AT RANKING 5
STUDENT student_ABZGQE NOW AT RANKING 64
STUDENT student_VEKMT NOW AT RANKING 20
STUDENT student_DSBA NOW AT RANKING 97
STUDENT student_SUI NOW AT RANKING 93
STUDENT student_BAJ NOW AT RANKING 74
STUDENT student_RNQK NOW AT RANKING 44
STUDENT student_OP NOW AT RANKING 45
[Error]Query failed.
STUDENT student_FTRN NOW AT RANKING 79
STUDENT student_ZBE NOW AT RANKING 99
STUDENT student_NL NOW AT RANKING 51
STUDENT student_LQHU NOW AT RANKING 72
[Error]Update failed.
[Error]Update failed.
STUDENT student_NVSN NOW AT RANKING 19
STUDENT student_GHQNY NOW AT RANKING 40
STUDENT student_GHQNY NOW AT RANKING 40
STUDENT student_FTRN NOW AT RANKING 79
STUDENT student_XLNJ NOW AT RANKING 53
[Error]Cannot add student now.
STUDENT student_LP NOW AT RANKING 25
STUDENT student_ATUKUK NOW AT RANKING 54
STUDENT student_ADYH NOW AT RANKING 68
STUDENT student_GBEAOH NOW AT RANKING 36
[Error]Query failed.
STUDENT student_AVRL NOW AT RANKING 33
STUDENT student_BAJ NOW AT RANKING 74
STUDENT student_SPOKPZE NOW AT RANKING 50
STUDENT student_JOSJDVO NOW AT RANKING 49
[Error]Update failed.
[Error]Update failed.
STUDENT student_LQHU NOW AT RANKING 72
STUDENT student_INYLWO NOW AT RANKING 86
STUDENT student_TLRLPY NOW AT RANKING 88
STUDENT student_OP NOW AT RANKING 45
[Error]Update failed.
STUDENT student_AWATQIF NOW AT RANKING 79
STUDENT student_UHMAAO NOW AT RANKING 30
STUDENT student_USD NOW AT RANKING 86
STUDENT student_OP NOW AT RANKING 44
[Error]Update failed.
STUDENT student_ZI NOW AT RANKING 21
STUDENT student_CULLEVC NOW AT RANKING 62
[Error]Query failed.
STUDENT student_IRBUX NOW AT RANKING 34
STUDENT student_PVDB NOW AT RANKING 87
STUDENT student_XVAQ NOW AT RANKING 76
[Error]Update failed.
STUDENT student_RNQK NOW AT RANKING 43
STUDENT student_ADYH NOW AT RANKING 67
[Error]Query failed.
STUDENT student_FTRN NOW AT RANKING 77
STUDENT student_NVSN NOW AT RANKING 8
STUDENT student_CULLEVC NOW AT RANKING 62
STUDENT student_XVAQ NOW AT RANKING 76
[Error]Query failed.
STUDENT student_GBEAOH NOW AT RANKING 34
[Error]Update failed.
[Error]Query failed.
STUDENT student_AZGHC NOW AT RANKING 53
STUDENT student_HPWNBP NOW AT RANKING 19
STUDENT student_TLRLPY NOW AT RANKING 87
STUDENT student_OIFG NOW AT RANKING 91
STUDENT student_ADYH NOW AT RANKING 66
[Error]Cannot add student now.
STUDENT student_PVDB NOW AT RANKING 86
STUDENT student_ATUKUK NOW AT RANKING 51
[Error]Query failed.
STUDENT student_MNECASL NOW AT RANKING 82
STUDENT student_ADYH NOW AT RANKING 66
STUDENT student_MKBUW NOW AT RANKING 88
STUDENT student_VSZH NOW AT RANKING 54
STUDENT student_VEKMT NOW AT RANKING 35
STUDENT student_XLNJ NOW AT RANKING 50
STUDENT student_EGKU NOW AT RANKING 73
[Error]Query failed.
STUDENT student_KUFBYT NOW AT RANKING 20
[Error]Update failed.
STUDENT student_AWATQIF NOW AT RANKING 79
STUDENT student_DDNDC NOW AT RANKING 49
[Error]Query failed.
[Error]Query failed.
[Error]Update failed.
STUDENT student_ZMZDPMW NOW AT RANKING 13
STUDENT student_ABZGQE NOW AT RANKING 64
STUDENT student_XMUZZXV NOW AT RANKING 67
STUDENT student_DSBA NOW AT RANKING 97
STUDENT student_IVFCTA NOW AT RANKING 78
STUDENT student_XVSOUU NOW AT RANKING 84
STUDENT student_SIIU NOW AT RANKING 57
STUDENT student_INYLWO NOW AT RANKING 85
STUDENT student_BAJ NOW AT RANKING 90
[Error]Update failed.
STUDENT student_UJDSCQB NOW AT RANKING 74
STUDENT student_FSMKW NOW AT RANKING 45
[Error]Update failed.
STUDENT student_BQN NOW AT RANKING 94
STUDENT student_DFPZCC NOW AT RANKING 42
STUDENT student_CULLEVC NOW AT RANKING 61
STUDENT student_IVFCTA NOW AT RANKING 78
STUDENT student_RNQK NOW AT RANKING 26
STUDENT student_ECYPT NOW AT RANKING 44
STUDENT student_OP NOW AT RANKING 71
STUDENT student_GMFFN NOW AT RANKING 80
STUDENT student_JNMSFS NOW AT RANKING 5
STUDENT student_ABZGQE NOW AT RANKING 57
STUDENT student_YHKVZ NOW AT RANKING 55
STUDENT student_UK NOW AT RANKING 30
STUDENT student_CCMREF NOW AT RANKING 50
STUDENT student_EGKU NOW AT RANKING 86
[Error]Cannot add student now.
STUDENT student_UJDSCQB NOW AT RANKING 74
STUDENT student_SPOKPZE NOW AT RANKING 47
STUDENT student_MM NOW AT RANKING 78
STUDENT student_SDYR NOW AT RANKING 10
STUDENT student_FTRN NOW AT RANKING 71
STUDENT student_MKBUW NOW AT RANKING 87
STUDENT student_SPOKPZE NOW AT RANKING 47
STUDENT student_QJYCNAC NOW AT RANKING 64
STUDENT student_XLNJ NOW AT RANKING 52
STUDENT student_YS NOW AT RANKING 26
STUDENT student_TEE NOW AT RANKING 63
STUDENT student_MNECASL NOW AT RANKING 61
STUDENT student_QV NOW AT RANKING 81
STUDENT student_ABZGQE NOW AT RANKING 57
STUDENT student_OIJ NOW AT RANKING 72
STUDENT student_HPWNBP NOW AT RANKING 18
STUDENT student_ZBE NOW AT RANKING 97
[Error]Update failed.
STUDENT student_LP NOW AT RANKING 24
[Error]Query failed.
STUDENT student_GOUJ NOW AT RANKING 32
STUDENT student_DSBA NOW AT RANKING 99
STUDENT student_PVDB NOW AT RANKING 84
STUDENT student_QAJZVSX NOW AT RANKING 65
STUDENT student_HYE NOW AT RANKING 92
STUDENT student_DOCDGAO NOW AT RANKING 80
STUDENT student_ZMZDPMW NOW AT RANKING 25
STUDENT student_XLNJ NOW AT RANKING 52
STUDENT student_QIHJXK NOW AT RANKING 12
STUDENT student_ATUKUK NOW AT RANKING 53
STUDENT student_DOCDGAO NOW AT RANKING 80
STUDENT student_ZI NOW AT RANKING 21
STUDENT student_HPWNBP NOW AT RANKING 18
STUDENT student_LP NOW AT RANKING 24
STUDENT student_QIHJXK NOW AT RANKING 12
STUDENT student_HYE NOW AT RANKING 92
[Error]Update failed.
STUDENT student_ZXUQX NOW AT RANKING 13
STUDENT student_OROKMNL NOW AT RANKING 37
STUDENT student_HPWNBP NOW AT RANKING 18
[Error]Cannot add student now.
[Error]Query failed.
STUDENT student_SDYR NOW AT RANKING 10
STUDENT student_BRKEM NOW AT RANKING 19
STUDENT student_JOSJDVO NOW AT RANKING 57
[Error]Query failed.
[Error]Query failed.
STUDENT student_XVAQ NOW AT RANKING 43
STUDENT student_YDQLRW NOW AT RANKING 69
STUDENT student_VEKMT NOW AT RANKING 7
[Error]Update failed.
STUDENT student_SUI NOW AT RANKING 95
STUDENT student_OP NOW AT RANKING 93
STUDENT student_DDNDC NOW AT RANKING 59
STUDENT student_BQN NOW AT RANKING 94
[Error]Query failed.
STUDENT student_QIHJXK NOW AT RANKING 9
STUDENT student_OP NOW AT RANKING 93
STUDENT student_FTRN NOW AT RANKING 72
[Error]Query failed.
STUDENT student_OROKMNL NOW AT RANKING 37
[Error]Update failed.
[Error]Query failed.
STUDENT student_MM NOW AT RANKING 79
[Error]Update failed.
[Error]Query failed.
STUDENT student_CULLEVC NOW AT RANKING 61
STUDENT student_MF NOW AT RANKING 44
STUDENT student_MM NOW AT RANKING 79
STUDENT student_AZGHC NOW AT RANKING 33
STUDENT student_SDYR NOW AT RANKING 10
[Error]Update failed.
STUDENT student_XVAQ NOW AT RANKING 43
STUDENT student_WYRJDKY NOW AT RANKING 91
STUDENT student_GOUJ NOW AT RANKING 49
STUDENT student_AVRL NOW AT RANKING 15
STUDENT student_DDNDC NOW AT RANKING 59
STUDENT student_LQHU NOW AT RANKING 34
[Error]Update failed.
STUDENT student_SUI NOW AT RANKING 95
1 student_QCVTVL male 9 72
2 student_RZ female 1 71
3 student_JCCGT female 18 69
4 student_KUQLGVC female 19 67
5 student_SDYR female 1 67
6 student_BBUFD female 1 66
7 student_ZXUQX female 16 65
8 student_VEKMT male 20 62
9 student_NVSN male 16 62
10 student_JNMSFS female 3 62
11 student_QIHJXK male 2 60
12 student_VU female 16 59
13 student_UHMAAO female 8 59
14 student_OIJ male 17 58
15 student_AVRL female 11 57
16 student_FULJ male 17 57
17 student_KUFBYT male 1 57
18 student_BRKEM male 8 57
19 student_TC female 5 57
20 student_DIFURV female 17 56
21 student_HPWNBP female 15 56
22 student_ATUKUK male 17 55
23 student_ZMZDPMW female 5 55
24 student_WFH male 14 55
25 student_IVQ female 15 54
26 student_EM female 5 54
27 student_RNQK female 11 54
28 student_UYT female 11 54
29 student_UK male 15 54
30 student_FSMKW male 14 53
31 student_YHKVZ female 20 53
32 student_ZI female 9 53
33 student_FOXZP female 2 52
34 student_YAMKJ female 17 52
35 student_AZGHC female 12 52
36 student_LQHU male 11 52
37 student_IRBUX female 14 52
38 student_VSZH male 14 51
39 student_LP male 8 51
40 student_OROKMNL female 9 51
41 student_JOSJDVO male 16 51
42 student_OFJLP female 6 50
43 student_AOM male 12 50
44 student_GHQNY male 10 50
45 student_DFPZCC female 10 50
46 student_ECYPT female 12 50
47 student_XMUZZXV female 20 49
48 student_XVAQ female 17 49
49 student_MF male 7 49
50 student_SPOKPZE female 5 49
51 student_GBEAOH female 5 49
52 student_YS female 14 48
53 student_XLNJ female 19 48
54 student_MNK male 19 47
55 student_GMFFN female 14 47
56 student_FTRN female 9 47
57 student_ABZGQE male 9 47
58 student_VVLDHE male 5 47
59 student_DDNDC male 14 46
60 student_SIIU female 3 46
61 student_TEE female 7 46
62 student_CULLEVC male 14 45
63 student_MNECASL female 5 45
64 student_ADYH male 12 44
65 student_ZIOW male 12 44
66 student_MK female 19 44
67 student_QJYCNAC male 7 44
68 student_QAJZVSX male 5 44
69 student_RQDW female 5 43
70 student_GOUJ male 16 43
71 student_QV female 15 43
72 student_YDQLRW female 5 43
73 student_TLRLPY female 11 43
74 student_OIFG female 16 43
75 student_FQIONNH male 10 43
76 student_CCMREF female 11 42
77 student_UKT female 9 42
78 student_NL female 4 42
79 student_UJDSCQB male 18 42
80 student_AWATQIF female 10 41
81 student_IGWNTU male 13 41
82 student_MM male 11 40
83 student_MKBUW male 10 40
84 student_DOCDGAO female 11 39
85 student_EGKU male 6 39
86 student_XVSOUU female 2 39
87 student_INYLWO male 12 39
88 student_PVDB female 9 38
89 student_BAJ male 3 37
90 student_WYRJDKY female 12 37
91 student_HYE female 5 37
92 student_OP male 5 35
93 student_USD female 5 34
94 student_SUI male 10 33
95 student_UZLNRIX male 6 32
96 student_ZBE female 11 30
97 student_EZYC female 7 29
98 student_DSBA female 12 29
99 student_IVFCTA female 3 28
100 student_BQN female 5 25
