[Info]Add successfully.
[Info]Add successfully.
[Info]Add successfully.
[Info]Add successfully.
[Info]Add successfully.
[Info]Add successfully.
[Info]Add successfully.
[Info]Add successfully.
[Info]Add successfully.
[Info]Add successfully.
[Info]Competition starts.
[Error]Scroll failed: scoreboard has not been frozen.
[Info]Complete query ranking.
Team_ACNMJIE NOW AT RANKING 1
[Error]Scroll failed: scoreboard has not been frozen.
[Info]Complete query ranking.
Team_CJUGQAM NOW AT RANKING 4
[Info]Flush scoreboard.
[Info]Complete query submission.
Cannot find any submission.
[Error]Scroll failed: scoreboard has not been frozen.
[Error]Scroll failed: scoreboard has not been frozen.
[Error]Scroll failed: scoreboard has not been frozen.
[Info]Flush scoreboard.
[Error]Scroll failed: scoreboard has not been frozen.
[Error]Scroll failed: scoreboard has not been frozen.
[Info]Freeze scoreboard.
[Info]Scroll scoreboard.
Team_BGYHWYKH 1 3 276 . + . . + . . . -1 . + . .
Team_QAAQ 2 1 25 -1 . + . . -1 . . . . . . .
Team_QXXEZGNA 3 1 100 . + . . . -1 . -1 . . . . .
Team_CAQ 4 1 127 . -1 . . . . . . . . +1 -1 -1
Team_ACNMJIE 5 0 0 . . . . -2 -1 . . . . . . .
Team_CJUGQAM 6 0 0 . -1 -1 . . . . . . -1 . . -1
Team_FKJMXLU 7 0 0 . . . . . . . . . . . . .
Team_HHZZOYKT 8 0 0 . -1 . . -1 0/1 -1 . . . . . .
Team_HPXOSE 9 0 0 -1 . . . . . . . . . . . .
Team_IBZOGXG 10 0 0 . . . -1 . . -1 . . . . . -1
Team_BGYHWYKH 1 3 276 . + . . + . . . -1 . + . .
Team_QAAQ 2 1 25 -1 . + . . -1 . . . . . . .
Team_QXXEZGNA 3 1 100 . + . . . -1 . -1 . . . . .
Team_CAQ 4 1 127 . -1 . . . . . . . . +1 -1 -1
Team_ACNMJIE 5 0 0 . . . . -2 -1 . . . . . . .
Team_CJUGQAM 6 0 0 . -1 -1 . . . . . . -1 . . -1
Team_FKJMXLU 7 0 0 . . . . . . . . . . . . .
Team_HHZZOYKT 8 0 0 . -1 . . -1 -1 -1 . . . . . .
Team_HPXOSE 9 0 0 -1 . . . . . . . . . . . .
Team_IBZOGXG 10 0 0 . . . -1 . . -1 . . . . . -1
[Error]Scroll failed: scoreboard has not been frozen.
[Error]Scroll failed: scoreboard has not been frozen.
[Info]Freeze scoreboard.
[Info]Flush scoreboard.
[Error]Freeze failed: scoreboard has been frozen.
[Info]Complete query submission.
Cannot find any submission.
[Info]Complete query submission.
Team_BGYHWYKH E Accepted 86
[Info]Flush scoreboard.
[Info]Complete query submission.
Cannot find any submission.
[Info]Complete query submission.
Team_QXXEZGNA H Runtime_Error 101
[Info]Scroll scoreboard.
Team_BGYHWYKH 1 3 276 . + 0/1 . + . . . -1 . + . .
Team_QAAQ 2 1 25 -1 0/1 + . 0/1 -1/1 . . . . 0/1 . .
Team_QXXEZGNA 3 1 100 . + . . . -1 . -1 . . . . .
Team_CAQ 4 1 127 . -1 . 0/1 0/1 . 0/1 0/1 0/1 . +1 -1 -1/1
Team_ACNMJIE 5 0 0 0/2 . . . -2 -1 . 0/1 . 0/1 . . .
Team_CJUGQAM 6 0 0 0/1 -1 -1 . . . . 0/1 . -1 . . -1
Team_FKJMXLU 7 0 0 -1/1 . . . . -1 . . . . . . .
Team_HHZZOYKT 8 0 0 0/1 -1 . 0/1 -1/1 -1 -1 . . . . . .
Team_HPXOSE 9 0 0 -1 0/1 . . 0/1 . . . . . . . .
Team_IBZOGXG 10 0 0 . . . -1 . . -1 . 0/1 . . . -1
Team_HPXOSE Team_ACNMJIE 1 252
Team_ACNMJIE Team_HPXOSE 1 216
Team_ACNMJIE Team_QAAQ 2 414
Team_QAAQ Team_ACNMJIE 2 214
Team_ACNMJIE Team_QAAQ 3 685
Team_QAAQ Team_ACNMJIE 3 473
Team_QAAQ Team_BGYHWYKH 4 645
Team_QAAQ 1 4 645 -1 + + . + -2 . . . . + . .
Team_BGYHWYKH 2 3 276 . + -1 . + . . . -1 . + . .
Team_ACNMJIE 3 3 685 + . . . -2 -1 . + . + . . .
Team_QXXEZGNA 4 1 100 . + . . . -1 . -1 . . . . .
Team_CAQ 5 1 127 . -1 . -1 -1 . -1 -1 -1 . +1 -1 -2
Team_HPXOSE 6 1 252 -1 + . . -1 . . . . . . . .
Team_CJUGQAM 7 0 0 -1 -1 -1 . . . . -1 . -1 . . -1
Team_FKJMXLU 8 0 0 -2 . . . . -1 . . . . . . .
Team_HHZZOYKT 9 0 0 -1 -1 . -1 -2 -1 -1 . . . . . .
Team_IBZOGXG 10 0 0 . . . -1 . . -1 . -1 . . . -1
[Info]Flush scoreboard.
[Info]Complete query ranking.
Team_ACNMJIE NOW AT RANKING 3
[Info]Competition ends.
